<?xml version="1.0" encoding="UTF-8"?>
<coverage generated="1530441756601" clover="3.2.0">
  <project timestamp="1530441756602" name="All files">
    <metrics statements="354" coveredstatements="305" conditionals="102" coveredconditionals="82" methods="75" coveredmethods="66" elements="531" coveredelements="453" complexity="0" loc="354" ncloc="354" packages="4" files="14" classes="14">
      <package name="common">
        <metrics statements="194" coveredstatements="185" conditionals="76" coveredconditionals="61" methods="53" coveredmethods="50"/>
        <file name="bspNode.js" path="/home/faust/github/solid/src/common/bspNode.js">
          <metrics statements="70" coveredstatements="61" conditionals="46" coveredconditionals="34" methods="14" coveredmethods="11"/>
          <line num="5" count="54" type="stmt"/>
          <line num="6" count="54" type="stmt"/>
          <line num="7" count="54" type="stmt"/>
          <line num="8" count="169" type="stmt"/>
          <line num="9" count="169" type="cond" truecount="2" falsecount="0"/>
          <line num="10" count="97" type="stmt"/>
          <line num="11" count="97" type="stmt"/>
          <line num="15" count="54" type="stmt"/>
          <line num="27" count="54" type="stmt"/>
          <line num="28" count="54" type="stmt"/>
          <line num="29" count="54" type="stmt"/>
          <line num="30" count="54" type="stmt"/>
          <line num="31" count="54" type="cond" truecount="2" falsecount="0"/>
          <line num="32" count="6" type="stmt"/>
          <line num="33" count="6" type="stmt"/>
          <line num="34" count="6" type="stmt"/>
          <line num="35" count="6" type="stmt"/>
          <line num="41" count="0" type="cond" truecount="0" falsecount="4"/>
          <line num="45" count="0" type="stmt"/>
          <line num="46" count="0" type="cond" truecount="0" falsecount="2"/>
          <line num="47" count="0" type="cond" truecount="0" falsecount="2"/>
          <line num="48" count="0" type="cond" truecount="0" falsecount="2"/>
          <line num="49" count="0" type="stmt"/>
          <line num="50" count="0" type="stmt"/>
          <line num="55" count="66" type="stmt"/>
          <line num="56" count="60" type="stmt"/>
          <line num="57" count="60" type="cond" truecount="2" falsecount="0"/>
          <line num="58" count="24" type="stmt"/>
          <line num="60" count="60" type="cond" truecount="2" falsecount="0"/>
          <line num="61" count="27" type="stmt"/>
          <line num="63" count="60" type="stmt"/>
          <line num="64" count="60" type="stmt"/>
          <line num="65" count="60" type="stmt"/>
          <line num="73" count="324" type="cond" truecount="1" falsecount="1"/>
          <line num="74" count="0" type="stmt"/>
          <line num="76" count="324" type="stmt"/>
          <line num="77" count="324" type="stmt"/>
          <line num="78" count="324" type="stmt"/>
          <line num="80" count="324" type="cond" truecount="2" falsecount="0"/>
          <line num="81" count="150" type="stmt"/>
          <line num="84" count="324" type="cond" truecount="2" falsecount="0"/>
          <line num="85" count="120" type="stmt"/>
          <line num="87" count="204" type="stmt"/>
          <line num="90" count="324" type="stmt"/>
          <line num="98" count="54" type="stmt"/>
          <line num="99" count="54" type="cond" truecount="2" falsecount="0"/>
          <line num="100" count="25" type="stmt"/>
          <line num="102" count="54" type="cond" truecount="2" falsecount="0"/>
          <line num="103" count="20" type="stmt"/>
          <line num="112" count="54" type="stmt"/>
          <line num="113" count="54" type="cond" truecount="2" falsecount="0"/>
          <line num="114" count="10" type="stmt"/>
          <line num="117" count="54" type="cond" truecount="2" falsecount="0"/>
          <line num="118" count="38" type="stmt"/>
          <line num="121" count="54" type="stmt"/>
          <line num="132" count="72" type="cond" truecount="3" falsecount="1"/>
          <line num="133" count="0" type="stmt"/>
          <line num="136" count="72" type="cond" truecount="2" falsecount="0"/>
          <line num="139" count="54" type="stmt"/>
          <line num="142" count="72" type="stmt"/>
          <line num="143" count="72" type="stmt"/>
          <line num="144" count="249" type="stmt"/>
          <line num="146" count="72" type="cond" truecount="2" falsecount="0"/>
          <line num="147" count="17" type="cond" truecount="2" falsecount="0"/>
          <line num="148" count="7" type="stmt"/>
          <line num="151" count="17" type="stmt"/>
          <line num="154" count="72" type="cond" truecount="2" falsecount="0"/>
          <line num="155" count="46" type="cond" truecount="2" falsecount="0"/>
          <line num="156" count="41" type="stmt"/>
          <line num="158" count="46" type="stmt"/>
        </file>
        <file name="common.js" path="/home/faust/github/solid/src/common/common.js">
          <metrics statements="0" coveredstatements="0" conditionals="0" coveredconditionals="0" methods="0" coveredmethods="0"/>
        </file>
        <file name="csg.js" path="/home/faust/github/solid/src/common/csg.js">
          <metrics statements="35" coveredstatements="35" conditionals="2" coveredconditionals="2" methods="8" coveredmethods="8"/>
          <line num="11" count="22" type="cond" truecount="2" falsecount="0"/>
          <line num="18" count="42" type="stmt"/>
          <line num="22" count="1" type="stmt"/>
          <line num="23" count="1" type="stmt"/>
          <line num="25" count="1" type="stmt"/>
          <line num="26" count="1" type="stmt"/>
          <line num="27" count="1" type="stmt"/>
          <line num="28" count="1" type="stmt"/>
          <line num="29" count="1" type="stmt"/>
          <line num="30" count="1" type="stmt"/>
          <line num="31" count="1" type="stmt"/>
          <line num="32" count="1" type="stmt"/>
          <line num="33" count="1" type="stmt"/>
          <line num="43" count="1" type="stmt"/>
          <line num="44" count="1" type="stmt"/>
          <line num="45" count="1" type="stmt"/>
          <line num="46" count="1" type="stmt"/>
          <line num="47" count="1" type="stmt"/>
          <line num="48" count="1" type="stmt"/>
          <line num="49" count="1" type="stmt"/>
          <line num="50" count="1" type="stmt"/>
          <line num="51" count="1" type="stmt"/>
          <line num="55" count="1" type="stmt"/>
          <line num="56" count="1" type="stmt"/>
          <line num="57" count="1" type="stmt"/>
          <line num="58" count="1" type="stmt"/>
          <line num="59" count="1" type="stmt"/>
          <line num="60" count="1" type="stmt"/>
          <line num="61" count="1" type="stmt"/>
          <line num="62" count="1" type="stmt"/>
          <line num="63" count="1" type="stmt"/>
          <line num="64" count="1" type="stmt"/>
          <line num="72" count="1" type="stmt"/>
          <line num="73" count="6" type="stmt"/>
          <line num="74" count="1" type="stmt"/>
        </file>
        <file name="plane.js" path="/home/faust/github/solid/src/common/plane.js">
          <metrics statements="48" coveredstatements="48" conditionals="22" coveredconditionals="19" methods="7" coveredmethods="7"/>
          <line num="4" count="7" type="stmt"/>
          <line num="6" count="7" type="stmt"/>
          <line num="7" count="7" type="stmt"/>
          <line num="8" count="7" type="stmt"/>
          <line num="9" count="7" type="stmt"/>
          <line num="16" count="337" type="stmt"/>
          <line num="17" count="337" type="stmt"/>
          <line num="21" count="1" type="stmt"/>
          <line num="32" count="278" type="stmt"/>
          <line num="36" count="278" type="stmt"/>
          <line num="40" count="55" type="stmt"/>
          <line num="44" count="134" type="stmt"/>
          <line num="45" count="134" type="stmt"/>
          <line num="62" count="503" type="stmt"/>
          <line num="63" count="503" type="stmt"/>
          <line num="64" count="2012" type="stmt"/>
          <line num="65" count="2012" type="cond" truecount="4" falsecount="0"/>
          <line num="66" count="2012" type="stmt"/>
          <line num="67" count="2012" type="stmt"/>
          <line num="71" count="503" type="cond" truecount="4" falsecount="0"/>
          <line num="73" count="56" type="cond" truecount="2" falsecount="0"/>
          <line num="74" count="56" type="stmt"/>
          <line num="76" count="159" type="stmt"/>
          <line num="77" count="159" type="stmt"/>
          <line num="79" count="233" type="stmt"/>
          <line num="80" count="233" type="stmt"/>
          <line num="84" count="55" type="stmt"/>
          <line num="85" count="55" type="stmt"/>
          <line num="86" count="55" type="stmt"/>
          <line num="87" count="220" type="stmt"/>
          <line num="88" count="220" type="stmt"/>
          <line num="89" count="220" type="stmt"/>
          <line num="90" count="220" type="stmt"/>
          <line num="91" count="220" type="stmt"/>
          <line num="93" count="220" type="cond" truecount="2" falsecount="0"/>
          <line num="94" count="110" type="stmt"/>
          <line num="96" count="220" type="cond" truecount="2" falsecount="0"/>
          <line num="97" count="110" type="cond" truecount="1" falsecount="1"/>
          <line num="100" count="220" type="cond" truecount="2" falsecount="0"/>
          <line num="101" count="110" type="stmt"/>
          <line num="102" count="110" type="stmt"/>
          <line num="103" count="110" type="stmt"/>
          <line num="104" count="110" type="stmt"/>
          <line num="108" count="55" type="cond" truecount="1" falsecount="1"/>
          <line num="109" count="55" type="stmt"/>
          <line num="111" count="55" type="cond" truecount="1" falsecount="1"/>
          <line num="112" count="55" type="stmt"/>
          <line num="115" count="55" type="stmt"/>
        </file>
        <file name="polygon.js" path="/home/faust/github/solid/src/common/polygon.js">
          <metrics statements="7" coveredstatements="7" conditionals="0" coveredconditionals="0" methods="5" coveredmethods="5"/>
          <line num="15" count="277" type="stmt"/>
          <line num="16" count="277" type="stmt"/>
          <line num="17" count="277" type="stmt"/>
          <line num="21" count="171" type="stmt"/>
          <line num="22" count="43" type="stmt"/>
          <line num="26" count="291" type="stmt"/>
          <line num="27" count="73" type="stmt"/>
        </file>
        <file name="vector.js" path="/home/faust/github/solid/src/common/vector.js">
          <metrics statements="29" coveredstatements="29" conditionals="6" coveredconditionals="6" methods="15" coveredmethods="15"/>
          <line num="3" count="4727" type="cond" truecount="2" falsecount="0"/>
          <line num="4" count="4727" type="cond" truecount="2" falsecount="0"/>
          <line num="5" count="4727" type="cond" truecount="2" falsecount="0"/>
          <line num="9" count="1" type="stmt"/>
          <line num="12" count="1" type="stmt"/>
          <line num="16" count="645" type="stmt"/>
          <line num="20" count="436" type="stmt"/>
          <line num="24" count="725" type="stmt"/>
          <line num="28" count="675" type="stmt"/>
          <line num="32" count="1081" type="stmt"/>
          <line num="36" count="368" type="stmt"/>
          <line num="40" count="2735" type="stmt"/>
          <line num="44" count="223" type="stmt"/>
          <line num="45" count="223" type="stmt"/>
          <line num="46" count="223" type="stmt"/>
          <line num="47" count="223" type="stmt"/>
          <line num="51" count="369" type="stmt"/>
          <line num="55" count="367" type="stmt"/>
          <line num="59" count="296" type="stmt"/>
          <line num="63" count="1" type="stmt"/>
          <line num="64" count="1" type="stmt"/>
          <line num="66" count="1" type="stmt"/>
          <line num="70" count="10" type="stmt"/>
          <line num="71" count="10" type="stmt"/>
          <line num="73" count="10" type="stmt"/>
          <line num="74" count="10" type="stmt"/>
          <line num="76" count="10" type="stmt"/>
          <line num="77" count="10" type="stmt"/>
          <line num="78" count="10" type="stmt"/>
        </file>
        <file name="vertex.js" path="/home/faust/github/solid/src/common/vertex.js">
          <metrics statements="5" coveredstatements="5" conditionals="0" coveredconditionals="0" methods="4" coveredmethods="4"/>
          <line num="12" count="770" type="stmt"/>
          <line num="13" count="770" type="stmt"/>
          <line num="17" count="282" type="stmt"/>
          <line num="25" count="292" type="stmt"/>
          <line num="34" count="110" type="stmt"/>
        </file>
      </package>
      <package name="io">
        <metrics statements="24" coveredstatements="24" conditionals="0" coveredconditionals="0" methods="2" coveredmethods="2"/>
        <file name="wavefront.js" path="/home/faust/github/solid/src/io/wavefront.js">
          <metrics statements="24" coveredstatements="24" conditionals="0" coveredconditionals="0" methods="2" coveredmethods="2"/>
          <line num="13" count="13" type="stmt"/>
          <line num="14" count="13" type="stmt"/>
          <line num="15" count="13" type="stmt"/>
          <line num="17" count="13" type="stmt"/>
          <line num="18" count="13" type="stmt"/>
          <line num="19" count="153" type="stmt"/>
          <line num="20" count="153" type="stmt"/>
          <line num="22" count="153" type="stmt"/>
          <line num="23" count="153" type="stmt"/>
          <line num="25" count="153" type="stmt"/>
          <line num="26" count="153" type="stmt"/>
          <line num="27" count="153" type="stmt"/>
          <line num="28" count="153" type="stmt"/>
          <line num="30" count="153" type="stmt"/>
          <line num="31" count="230" type="stmt"/>
          <line num="32" count="230" type="stmt"/>
          <line num="33" count="230" type="stmt"/>
          <line num="34" count="230" type="stmt"/>
          <line num="36" count="230" type="stmt"/>
          <line num="37" count="230" type="stmt"/>
          <line num="38" count="230" type="stmt"/>
          <line num="39" count="230" type="stmt"/>
          <line num="42" count="153" type="stmt"/>
          <line num="45" count="13" type="stmt"/>
        </file>
      </package>
      <package name="misc">
        <metrics statements="24" coveredstatements="24" conditionals="8" coveredconditionals="7" methods="8" coveredmethods="8"/>
        <file name="path.js" path="/home/faust/github/solid/src/misc/path.js">
          <metrics statements="24" coveredstatements="24" conditionals="8" coveredconditionals="7" methods="8" coveredmethods="8"/>
          <line num="12" count="16" type="stmt"/>
          <line num="13" count="16" type="stmt"/>
          <line num="14" count="16" type="stmt"/>
          <line num="15" count="16" type="stmt"/>
          <line num="23" count="3" type="stmt"/>
          <line num="33" count="3" type="cond" truecount="2" falsecount="0"/>
          <line num="34" count="1" type="stmt"/>
          <line num="37" count="2" type="stmt"/>
          <line num="38" count="2" type="stmt"/>
          <line num="48" count="4" type="cond" truecount="2" falsecount="0"/>
          <line num="49" count="1" type="stmt"/>
          <line num="51" count="3" type="stmt"/>
          <line num="52" count="3" type="stmt"/>
          <line num="60" count="1" type="stmt"/>
          <line num="70" count="2" type="cond" truecount="2" falsecount="0"/>
          <line num="71" count="2" type="cond" truecount="1" falsecount="1"/>
          <line num="72" count="2" type="stmt"/>
          <line num="73" count="8" type="stmt"/>
          <line num="75" count="2" type="stmt"/>
          <line num="76" count="8" type="stmt"/>
          <line num="78" count="8" type="stmt"/>
          <line num="79" count="8" type="stmt"/>
          <line num="81" count="8" type="stmt"/>
          <line num="82" count="8" type="stmt"/>
        </file>
      </package>
      <package name="volumes">
        <metrics statements="112" coveredstatements="72" conditionals="18" coveredconditionals="14" methods="12" coveredmethods="6"/>
        <file name="cone.js" path="/home/faust/github/solid/src/volumes/cone.js">
          <metrics statements="48" coveredstatements="48" conditionals="14" coveredconditionals="12" methods="1" coveredmethods="1"/>
          <line num="5" count="6" type="stmt"/>
          <line num="7" count="6" type="stmt"/>
          <line num="8" count="6" type="stmt"/>
          <line num="9" count="6" type="stmt"/>
          <line num="10" count="6" type="cond" truecount="2" falsecount="2"/>
          <line num="11" count="6" type="stmt"/>
          <line num="13" count="6" type="stmt"/>
          <line num="14" count="6" type="stmt"/>
          <line num="16" count="6" type="cond" truecount="2" falsecount="0"/>
          <line num="17" count="2" type="stmt"/>
          <line num="18" count="6" type="stmt"/>
          <line num="19" count="6" type="stmt"/>
          <line num="21" count="6" type="stmt"/>
          <line num="22" count="6" type="stmt"/>
          <line num="23" count="6" type="stmt"/>
          <line num="24" count="6" type="stmt"/>
          <line num="25" count="6" type="stmt"/>
          <line num="27" count="6" type="cond" truecount="2" falsecount="0"/>
          <line num="28" count="3" type="stmt"/>
          <line num="31" count="4" type="cond" truecount="2" falsecount="0"/>
          <line num="32" count="2" type="stmt"/>
          <line num="33" count="6" type="stmt"/>
          <line num="34" count="6" type="stmt"/>
          <line num="36" count="6" type="stmt"/>
          <line num="37" count="6" type="stmt"/>
          <line num="38" count="6" type="stmt"/>
          <line num="39" count="6" type="stmt"/>
          <line num="40" count="6" type="stmt"/>
          <line num="42" count="6" type="cond" truecount="2" falsecount="0"/>
          <line num="43" count="3" type="stmt"/>
          <line num="47" count="2" type="stmt"/>
          <line num="48" count="6" type="stmt"/>
          <line num="49" count="6" type="stmt"/>
          <line num="51" count="6" type="stmt"/>
          <line num="52" count="6" type="stmt"/>
          <line num="54" count="6" type="stmt"/>
          <line num="55" count="6" type="stmt"/>
          <line num="56" count="6" type="stmt"/>
          <line num="57" count="6" type="stmt"/>
          <line num="59" count="6" type="stmt"/>
          <line num="60" count="6" type="stmt"/>
          <line num="61" count="6" type="stmt"/>
          <line num="62" count="6" type="stmt"/>
          <line num="64" count="6" type="stmt"/>
          <line num="65" count="6" type="stmt"/>
          <line num="67" count="6" type="cond" truecount="2" falsecount="0"/>
          <line num="68" count="3" type="stmt"/>
          <line num="69" count="3" type="stmt"/>
        </file>
        <file name="cube.js" path="/home/faust/github/solid/src/volumes/cube.js">
          <metrics statements="5" coveredstatements="5" conditionals="0" coveredconditionals="0" methods="3" coveredmethods="3"/>
          <line num="5" count="4" type="stmt"/>
          <line num="7" count="4" type="stmt"/>
          <line num="15" count="24" type="stmt"/>
          <line num="17" count="96" type="stmt"/>
          <line num="22" count="96" type="stmt"/>
        </file>
        <file name="cylinder.js" path="/home/faust/github/solid/src/volumes/cylinder.js">
          <metrics statements="19" coveredstatements="19" conditionals="4" coveredconditionals="2" methods="2" coveredmethods="2"/>
          <line num="5" count="2" type="stmt"/>
          <line num="7" count="2" type="stmt"/>
          <line num="8" count="2" type="stmt"/>
          <line num="9" count="2" type="stmt"/>
          <line num="10" count="2" type="cond" truecount="2" falsecount="2"/>
          <line num="11" count="2" type="stmt"/>
          <line num="12" count="2" type="stmt"/>
          <line num="13" count="2" type="stmt"/>
          <line num="16" count="160" type="stmt"/>
          <line num="17" count="160" type="stmt"/>
          <line num="18" count="160" type="stmt"/>
          <line num="19" count="160" type="stmt"/>
          <line num="20" count="160" type="stmt"/>
          <line num="34" count="2" type="stmt"/>
          <line num="35" count="20" type="stmt"/>
          <line num="36" count="20" type="stmt"/>
          <line num="37" count="20" type="stmt"/>
          <line num="38" count="20" type="stmt"/>
          <line num="39" count="20" type="stmt"/>
        </file>
        <file name="lathe.js" path="/home/faust/github/solid/src/volumes/lathe.js">
          <metrics statements="19" coveredstatements="0" conditionals="0" coveredconditionals="0" methods="3" coveredmethods="0"/>
          <line num="6" count="0" type="stmt"/>
          <line num="8" count="0" type="stmt"/>
          <line num="9" count="0" type="stmt"/>
          <line num="10" count="0" type="stmt"/>
          <line num="11" count="0" type="stmt"/>
          <line num="12" count="0" type="stmt"/>
          <line num="13" count="0" type="stmt"/>
          <line num="15" count="0" type="stmt"/>
          <line num="16" count="0" type="stmt"/>
          <line num="17" count="0" type="stmt"/>
          <line num="18" count="0" type="stmt"/>
          <line num="21" count="0" type="stmt"/>
          <line num="22" count="0" type="stmt"/>
          <line num="23" count="0" type="stmt"/>
          <line num="24" count="0" type="stmt"/>
          <line num="25" count="0" type="stmt"/>
          <line num="27" count="0" type="stmt"/>
          <line num="28" count="0" type="stmt"/>
          <line num="31" count="0" type="stmt"/>
        </file>
        <file name="twist.js" path="/home/faust/github/solid/src/volumes/twist.js">
          <metrics statements="21" coveredstatements="0" conditionals="0" coveredconditionals="0" methods="3" coveredmethods="0"/>
          <line num="5" count="0" type="stmt"/>
          <line num="7" count="0" type="stmt"/>
          <line num="8" count="0" type="stmt"/>
          <line num="9" count="0" type="stmt"/>
          <line num="10" count="0" type="stmt"/>
          <line num="11" count="0" type="stmt"/>
          <line num="12" count="0" type="stmt"/>
          <line num="13" count="0" type="stmt"/>
          <line num="15" count="0" type="stmt"/>
          <line num="16" count="0" type="stmt"/>
          <line num="17" count="0" type="stmt"/>
          <line num="18" count="0" type="stmt"/>
          <line num="19" count="0" type="stmt"/>
          <line num="22" count="0" type="stmt"/>
          <line num="23" count="0" type="stmt"/>
          <line num="24" count="0" type="stmt"/>
          <line num="25" count="0" type="stmt"/>
          <line num="26" count="0" type="stmt"/>
          <line num="28" count="0" type="stmt"/>
          <line num="29" count="0" type="stmt"/>
          <line num="32" count="0" type="stmt"/>
        </file>
      </package>
    </metrics>
  </project>
</coverage>
