{"/home/faust/github/solid/src/common/bspNode.js": {"path":"/home/faust/github/solid/src/common/bspNode.js","statementMap":{"0":{"start":{"line":5,"column":17},"end":{"line":5,"column":25}},"1":{"start":{"line":6,"column":23},"end":{"line":6,"column":27}},"2":{"start":{"line":7,"column":2},"end":{"line":13,"column":5}},"3":{"start":{"line":8,"column":16},"end":{"line":8,"column":48}},"4":{"start":{"line":9,"column":4},"end":{"line":12,"column":5}},"5":{"start":{"line":10,"column":6},"end":{"line":10,"column":31}},"6":{"start":{"line":11,"column":6},"end":{"line":11,"column":23}},"7":{"start":{"line":15,"column":2},"end":{"line":15,"column":23}},"8":{"start":{"line":27,"column":4},"end":{"line":27,"column":22}},"9":{"start":{"line":28,"column":4},"end":{"line":28,"column":22}},"10":{"start":{"line":29,"column":4},"end":{"line":29,"column":21}},"11":{"start":{"line":30,"column":4},"end":{"line":30,"column":23}},"12":{"start":{"line":31,"column":4},"end":{"line":36,"column":5}},"13":{"start":{"line":32,"column":15},"end":{"line":32,"column":25}},"14":{"start":{"line":33,"column":6},"end":{"line":33,"column":27}},"15":{"start":{"line":34,"column":15},"end":{"line":34,"column":25}},"16":{"start":{"line":35,"column":6},"end":{"line":35,"column":33}},"17":{"start":{"line":41,"column":4},"end":{"line":41,"column":115}},"18":{"start":{"line":45,"column":15},"end":{"line":45,"column":28}},"19":{"start":{"line":46,"column":4},"end":{"line":46,"column":59}},"20":{"start":{"line":47,"column":4},"end":{"line":47,"column":59}},"21":{"start":{"line":48,"column":4},"end":{"line":48,"column":56}},"22":{"start":{"line":49,"column":4},"end":{"line":49,"column":54}},"23":{"start":{"line":49,"column":43},"end":{"line":49,"column":52}},"24":{"start":{"line":50,"column":4},"end":{"line":50,"column":16}},"25":{"start":{"line":55,"column":4},"end":{"line":55,"column":41}},"26":{"start":{"line":55,"column":31},"end":{"line":55,"column":39}},"27":{"start":{"line":56,"column":4},"end":{"line":56,"column":22}},"28":{"start":{"line":57,"column":4},"end":{"line":59,"column":5}},"29":{"start":{"line":58,"column":6},"end":{"line":58,"column":26}},"30":{"start":{"line":60,"column":4},"end":{"line":62,"column":5}},"31":{"start":{"line":61,"column":6},"end":{"line":61,"column":25}},"32":{"start":{"line":63,"column":15},"end":{"line":63,"column":25}},"33":{"start":{"line":64,"column":4},"end":{"line":64,"column":27}},"34":{"start":{"line":65,"column":4},"end":{"line":65,"column":21}},"35":{"start":{"line":73,"column":4},"end":{"line":75,"column":5}},"36":{"start":{"line":74,"column":6},"end":{"line":74,"column":30}},"37":{"start":{"line":76,"column":16},"end":{"line":76,"column":18}},"38":{"start":{"line":77,"column":15},"end":{"line":77,"column":17}},"39":{"start":{"line":78,"column":4},"end":{"line":78,"column":80}},"40":{"start":{"line":78,"column":26},"end":{"line":78,"column":78}},"41":{"start":{"line":80,"column":4},"end":{"line":82,"column":5}},"42":{"start":{"line":81,"column":6},"end":{"line":81,"column":45}},"43":{"start":{"line":84,"column":4},"end":{"line":88,"column":5}},"44":{"start":{"line":85,"column":6},"end":{"line":85,"column":42}},"45":{"start":{"line":87,"column":6},"end":{"line":87,"column":16}},"46":{"start":{"line":90,"column":4},"end":{"line":90,"column":30}},"47":{"start":{"line":98,"column":4},"end":{"line":98,"column":52}},"48":{"start":{"line":99,"column":4},"end":{"line":101,"column":5}},"49":{"start":{"line":100,"column":6},"end":{"line":100,"column":29}},"50":{"start":{"line":102,"column":4},"end":{"line":104,"column":5}},"51":{"start":{"line":103,"column":6},"end":{"line":103,"column":28}},"52":{"start":{"line":112,"column":19},"end":{"line":112,"column":40}},"53":{"start":{"line":113,"column":4},"end":{"line":115,"column":5}},"54":{"start":{"line":114,"column":6},"end":{"line":114,"column":59}},"55":{"start":{"line":117,"column":4},"end":{"line":119,"column":5}},"56":{"start":{"line":118,"column":6},"end":{"line":118,"column":58}},"57":{"start":{"line":121,"column":4},"end":{"line":121,"column":20}},"58":{"start":{"line":132,"column":4},"end":{"line":134,"column":5}},"59":{"start":{"line":133,"column":6},"end":{"line":133,"column":13}},"60":{"start":{"line":136,"column":4},"end":{"line":140,"column":5}},"61":{"start":{"line":139,"column":6},"end":{"line":139,"column":67}},"62":{"start":{"line":142,"column":16},"end":{"line":142,"column":18}},"63":{"start":{"line":143,"column":15},"end":{"line":143,"column":17}},"64":{"start":{"line":144,"column":4},"end":{"line":144,"column":97}},"65":{"start":{"line":144,"column":26},"end":{"line":144,"column":95}},"66":{"start":{"line":146,"column":4},"end":{"line":152,"column":5}},"67":{"start":{"line":147,"column":6},"end":{"line":149,"column":7}},"68":{"start":{"line":148,"column":8},"end":{"line":148,"column":35}},"69":{"start":{"line":151,"column":6},"end":{"line":151,"column":30}},"70":{"start":{"line":154,"column":4},"end":{"line":159,"column":5}},"71":{"start":{"line":155,"column":6},"end":{"line":157,"column":7}},"72":{"start":{"line":156,"column":8},"end":{"line":156,"column":34}},"73":{"start":{"line":158,"column":6},"end":{"line":158,"column":28}}},"fnMap":{"0":{"name":"findSplittingPlane","decl":{"start":{"line":4,"column":9},"end":{"line":4,"column":27}},"loc":{"start":{"line":4,"column":45},"end":{"line":16,"column":1}},"line":4},"1":{"name":"(anonymous_1)","decl":{"start":{"line":7,"column":19},"end":{"line":7,"column":20}},"loc":{"start":{"line":7,"column":24},"end":{"line":13,"column":3}},"line":7},"2":{"name":"(anonymous_2)","decl":{"start":{"line":26,"column":2},"end":{"line":26,"column":3}},"loc":{"start":{"line":26,"column":24},"end":{"line":37,"column":3}},"line":26},"3":{"name":"(anonymous_3)","decl":{"start":{"line":39,"column":2},"end":{"line":39,"column":3}},"loc":{"start":{"line":39,"column":9},"end":{"line":42,"column":3}},"line":39},"4":{"name":"(anonymous_4)","decl":{"start":{"line":44,"column":2},"end":{"line":44,"column":3}},"loc":{"start":{"line":44,"column":10},"end":{"line":51,"column":3}},"line":44},"5":{"name":"(anonymous_5)","decl":{"start":{"line":49,"column":38},"end":{"line":49,"column":39}},"loc":{"start":{"line":49,"column":43},"end":{"line":49,"column":52}},"line":49},"6":{"name":"(anonymous_6)","decl":{"start":{"line":54,"column":2},"end":{"line":54,"column":3}},"loc":{"start":{"line":54,"column":11},"end":{"line":66,"column":3}},"line":54},"7":{"name":"(anonymous_7)","decl":{"start":{"line":55,"column":26},"end":{"line":55,"column":27}},"loc":{"start":{"line":55,"column":31},"end":{"line":55,"column":39}},"line":55},"8":{"name":"(anonymous_8)","decl":{"start":{"line":72,"column":2},"end":{"line":72,"column":3}},"loc":{"start":{"line":72,"column":25},"end":{"line":91,"column":3}},"line":72},"9":{"name":"(anonymous_9)","decl":{"start":{"line":78,"column":21},"end":{"line":78,"column":22}},"loc":{"start":{"line":78,"column":26},"end":{"line":78,"column":78}},"line":78},"10":{"name":"(anonymous_10)","decl":{"start":{"line":97,"column":2},"end":{"line":97,"column":3}},"loc":{"start":{"line":97,"column":14},"end":{"line":105,"column":3}},"line":97},"11":{"name":"(anonymous_11)","decl":{"start":{"line":111,"column":2},"end":{"line":111,"column":3}},"loc":{"start":{"line":111,"column":16},"end":{"line":122,"column":3}},"line":111},"12":{"name":"(anonymous_12)","decl":{"start":{"line":131,"column":2},"end":{"line":131,"column":3}},"loc":{"start":{"line":131,"column":18},"end":{"line":160,"column":3}},"line":131},"13":{"name":"(anonymous_13)","decl":{"start":{"line":144,"column":21},"end":{"line":144,"column":22}},"loc":{"start":{"line":144,"column":26},"end":{"line":144,"column":95}},"line":144}},"branchMap":{"0":{"loc":{"start":{"line":9,"column":4},"end":{"line":12,"column":5}},"type":"if","locations":[{"start":{"line":9,"column":4},"end":{"line":12,"column":5}},{"start":{"line":9,"column":4},"end":{"line":12,"column":5}}],"line":9},"1":{"loc":{"start":{"line":31,"column":4},"end":{"line":36,"column":5}},"type":"if","locations":[{"start":{"line":31,"column":4},"end":{"line":36,"column":5}},{"start":{"line":31,"column":4},"end":{"line":36,"column":5}}],"line":31},"2":{"loc":{"start":{"line":41,"column":39},"end":{"line":41,"column":74}},"type":"cond-expr","locations":[{"start":{"line":41,"column":52},"end":{"line":41,"column":69}},{"start":{"line":41,"column":72},"end":{"line":41,"column":74}}],"line":41},"3":{"loc":{"start":{"line":41,"column":78},"end":{"line":41,"column":111}},"type":"cond-expr","locations":[{"start":{"line":41,"column":90},"end":{"line":41,"column":106}},{"start":{"line":41,"column":109},"end":{"line":41,"column":111}}],"line":41},"4":{"loc":{"start":{"line":46,"column":17},"end":{"line":46,"column":58}},"type":"binary-expr","locations":[{"start":{"line":46,"column":17},"end":{"line":46,"column":36}},{"start":{"line":46,"column":40},"end":{"line":46,"column":58}}],"line":46},"5":{"loc":{"start":{"line":47,"column":17},"end":{"line":47,"column":58}},"type":"binary-expr","locations":[{"start":{"line":47,"column":17},"end":{"line":47,"column":36}},{"start":{"line":47,"column":40},"end":{"line":47,"column":58}}],"line":47},"6":{"loc":{"start":{"line":48,"column":16},"end":{"line":48,"column":55}},"type":"binary-expr","locations":[{"start":{"line":48,"column":16},"end":{"line":48,"column":34}},{"start":{"line":48,"column":38},"end":{"line":48,"column":55}}],"line":48},"7":{"loc":{"start":{"line":57,"column":4},"end":{"line":59,"column":5}},"type":"if","locations":[{"start":{"line":57,"column":4},"end":{"line":59,"column":5}},{"start":{"line":57,"column":4},"end":{"line":59,"column":5}}],"line":57},"8":{"loc":{"start":{"line":60,"column":4},"end":{"line":62,"column":5}},"type":"if","locations":[{"start":{"line":60,"column":4},"end":{"line":62,"column":5}},{"start":{"line":60,"column":4},"end":{"line":62,"column":5}}],"line":60},"9":{"loc":{"start":{"line":73,"column":4},"end":{"line":75,"column":5}},"type":"if","locations":[{"start":{"line":73,"column":4},"end":{"line":75,"column":5}},{"start":{"line":73,"column":4},"end":{"line":75,"column":5}}],"line":73},"10":{"loc":{"start":{"line":80,"column":4},"end":{"line":82,"column":5}},"type":"if","locations":[{"start":{"line":80,"column":4},"end":{"line":82,"column":5}},{"start":{"line":80,"column":4},"end":{"line":82,"column":5}}],"line":80},"11":{"loc":{"start":{"line":84,"column":4},"end":{"line":88,"column":5}},"type":"if","locations":[{"start":{"line":84,"column":4},"end":{"line":88,"column":5}},{"start":{"line":84,"column":4},"end":{"line":88,"column":5}}],"line":84},"12":{"loc":{"start":{"line":99,"column":4},"end":{"line":101,"column":5}},"type":"if","locations":[{"start":{"line":99,"column":4},"end":{"line":101,"column":5}},{"start":{"line":99,"column":4},"end":{"line":101,"column":5}}],"line":99},"13":{"loc":{"start":{"line":102,"column":4},"end":{"line":104,"column":5}},"type":"if","locations":[{"start":{"line":102,"column":4},"end":{"line":104,"column":5}},{"start":{"line":102,"column":4},"end":{"line":104,"column":5}}],"line":102},"14":{"loc":{"start":{"line":113,"column":4},"end":{"line":115,"column":5}},"type":"if","locations":[{"start":{"line":113,"column":4},"end":{"line":115,"column":5}},{"start":{"line":113,"column":4},"end":{"line":115,"column":5}}],"line":113},"15":{"loc":{"start":{"line":117,"column":4},"end":{"line":119,"column":5}},"type":"if","locations":[{"start":{"line":117,"column":4},"end":{"line":119,"column":5}},{"start":{"line":117,"column":4},"end":{"line":119,"column":5}}],"line":117},"16":{"loc":{"start":{"line":132,"column":4},"end":{"line":134,"column":5}},"type":"if","locations":[{"start":{"line":132,"column":4},"end":{"line":134,"column":5}},{"start":{"line":132,"column":4},"end":{"line":134,"column":5}}],"line":132},"17":{"loc":{"start":{"line":132,"column":8},"end":{"line":132,"column":37}},"type":"binary-expr","locations":[{"start":{"line":132,"column":8},"end":{"line":132,"column":17}},{"start":{"line":132,"column":21},"end":{"line":132,"column":37}}],"line":132},"18":{"loc":{"start":{"line":136,"column":4},"end":{"line":140,"column":5}},"type":"if","locations":[{"start":{"line":136,"column":4},"end":{"line":140,"column":5}},{"start":{"line":136,"column":4},"end":{"line":140,"column":5}}],"line":136},"19":{"loc":{"start":{"line":146,"column":4},"end":{"line":152,"column":5}},"type":"if","locations":[{"start":{"line":146,"column":4},"end":{"line":152,"column":5}},{"start":{"line":146,"column":4},"end":{"line":152,"column":5}}],"line":146},"20":{"loc":{"start":{"line":147,"column":6},"end":{"line":149,"column":7}},"type":"if","locations":[{"start":{"line":147,"column":6},"end":{"line":149,"column":7}},{"start":{"line":147,"column":6},"end":{"line":149,"column":7}}],"line":147},"21":{"loc":{"start":{"line":154,"column":4},"end":{"line":159,"column":5}},"type":"if","locations":[{"start":{"line":154,"column":4},"end":{"line":159,"column":5}},{"start":{"line":154,"column":4},"end":{"line":159,"column":5}}],"line":154},"22":{"loc":{"start":{"line":155,"column":6},"end":{"line":157,"column":7}},"type":"if","locations":[{"start":{"line":155,"column":6},"end":{"line":157,"column":7}},{"start":{"line":155,"column":6},"end":{"line":157,"column":7}}],"line":155}},"s":{"0":54,"1":54,"2":54,"3":169,"4":169,"5":97,"6":97,"7":54,"8":54,"9":54,"10":54,"11":54,"12":54,"13":6,"14":6,"15":6,"16":6,"17":0,"18":0,"19":0,"20":0,"21":0,"22":0,"23":0,"24":0,"25":60,"26":66,"27":60,"28":60,"29":24,"30":60,"31":27,"32":60,"33":60,"34":60,"35":324,"36":0,"37":324,"38":324,"39":324,"40":251,"41":324,"42":150,"43":324,"44":120,"45":204,"46":324,"47":54,"48":54,"49":25,"50":54,"51":20,"52":54,"53":54,"54":10,"55":54,"56":38,"57":54,"58":72,"59":0,"60":72,"61":54,"62":72,"63":72,"64":72,"65":249,"66":72,"67":17,"68":7,"69":17,"70":72,"71":46,"72":41,"73":46},"f":{"0":54,"1":169,"2":54,"3":0,"4":0,"5":0,"6":60,"7":66,"8":324,"9":251,"10":54,"11":54,"12":72,"13":249},"b":{"0":[97,72],"1":[6,48],"2":[0,0],"3":[0,0],"4":[0,0],"5":[0,0],"6":[0,0],"7":[24,36],"8":[27,33],"9":[0,324],"10":[150,174],"11":[120,204],"12":[25,29],"13":[20,34],"14":[10,44],"15":[38,16],"16":[0,72],"17":[72,72],"18":[54,18],"19":[17,55],"20":[7,10],"21":[46,26],"22":[41,5]},"_coverageSchema":"332fd63041d2c1bcb487cc26dd0d5f7d97098a6c","hash":"8c2f3f680682a1c74e32a3650abec9b244f2dc9b"}
,"/home/faust/github/solid/src/common/common.js": {"path":"/home/faust/github/solid/src/common/common.js","statementMap":{},"fnMap":{},"branchMap":{},"s":{},"f":{},"b":{},"_coverageSchema":"332fd63041d2c1bcb487cc26dd0d5f7d97098a6c","hash":"8a28b6e38b005b699b757c39920da84634340e44"}
,"/home/faust/github/solid/src/common/csg.js": {"path":"/home/faust/github/solid/src/common/csg.js","statementMap":{"0":{"start":{"line":11,"column":4},"end":{"line":11,"column":35}},"1":{"start":{"line":18,"column":4},"end":{"line":18,"column":54}},"2":{"start":{"line":18,"column":42},"end":{"line":18,"column":51}},"3":{"start":{"line":22,"column":12},"end":{"line":22,"column":46}},"4":{"start":{"line":23,"column":12},"end":{"line":23,"column":45}},"5":{"start":{"line":25,"column":4},"end":{"line":25,"column":15}},"6":{"start":{"line":26,"column":4},"end":{"line":26,"column":16}},"7":{"start":{"line":27,"column":4},"end":{"line":27,"column":16}},"8":{"start":{"line":28,"column":4},"end":{"line":28,"column":15}},"9":{"start":{"line":29,"column":4},"end":{"line":29,"column":16}},"10":{"start":{"line":30,"column":4},"end":{"line":30,"column":15}},"11":{"start":{"line":31,"column":4},"end":{"line":31,"column":29}},"12":{"start":{"line":32,"column":4},"end":{"line":32,"column":15}},"13":{"start":{"line":33,"column":4},"end":{"line":33,"column":36}},"14":{"start":{"line":43,"column":12},"end":{"line":43,"column":46}},"15":{"start":{"line":44,"column":12},"end":{"line":44,"column":45}},"16":{"start":{"line":45,"column":4},"end":{"line":45,"column":16}},"17":{"start":{"line":46,"column":4},"end":{"line":46,"column":16}},"18":{"start":{"line":47,"column":4},"end":{"line":47,"column":15}},"19":{"start":{"line":48,"column":4},"end":{"line":48,"column":16}},"20":{"start":{"line":49,"column":4},"end":{"line":49,"column":15}},"21":{"start":{"line":50,"column":4},"end":{"line":50,"column":29}},"22":{"start":{"line":51,"column":4},"end":{"line":51,"column":36}},"23":{"start":{"line":55,"column":12},"end":{"line":55,"column":46}},"24":{"start":{"line":56,"column":12},"end":{"line":56,"column":45}},"25":{"start":{"line":57,"column":4},"end":{"line":57,"column":15}},"26":{"start":{"line":58,"column":4},"end":{"line":58,"column":16}},"27":{"start":{"line":59,"column":4},"end":{"line":59,"column":15}},"28":{"start":{"line":60,"column":4},"end":{"line":60,"column":16}},"29":{"start":{"line":61,"column":4},"end":{"line":61,"column":16}},"30":{"start":{"line":62,"column":4},"end":{"line":62,"column":29}},"31":{"start":{"line":63,"column":4},"end":{"line":63,"column":15}},"32":{"start":{"line":64,"column":4},"end":{"line":64,"column":36}},"33":{"start":{"line":72,"column":14},"end":{"line":72,"column":26}},"34":{"start":{"line":73,"column":4},"end":{"line":73,"column":40}},"35":{"start":{"line":73,"column":30},"end":{"line":73,"column":38}},"36":{"start":{"line":74,"column":4},"end":{"line":74,"column":15}}},"fnMap":{"0":{"name":"(anonymous_0)","decl":{"start":{"line":10,"column":2},"end":{"line":10,"column":3}},"loc":{"start":{"line":10,"column":24},"end":{"line":12,"column":3}},"line":10},"1":{"name":"(anonymous_1)","decl":{"start":{"line":17,"column":2},"end":{"line":17,"column":3}},"loc":{"start":{"line":17,"column":10},"end":{"line":19,"column":3}},"line":17},"2":{"name":"(anonymous_2)","decl":{"start":{"line":18,"column":37},"end":{"line":18,"column":38}},"loc":{"start":{"line":18,"column":42},"end":{"line":18,"column":51}},"line":18},"3":{"name":"(anonymous_3)","decl":{"start":{"line":21,"column":2},"end":{"line":21,"column":3}},"loc":{"start":{"line":21,"column":16},"end":{"line":34,"column":3}},"line":21},"4":{"name":"(anonymous_4)","decl":{"start":{"line":42,"column":2},"end":{"line":42,"column":3}},"loc":{"start":{"line":42,"column":13},"end":{"line":52,"column":3}},"line":42},"5":{"name":"(anonymous_5)","decl":{"start":{"line":54,"column":2},"end":{"line":54,"column":3}},"loc":{"start":{"line":54,"column":17},"end":{"line":65,"column":3}},"line":54},"6":{"name":"(anonymous_6)","decl":{"start":{"line":71,"column":2},"end":{"line":71,"column":3}},"loc":{"start":{"line":71,"column":11},"end":{"line":75,"column":3}},"line":71},"7":{"name":"(anonymous_7)","decl":{"start":{"line":73,"column":25},"end":{"line":73,"column":26}},"loc":{"start":{"line":73,"column":30},"end":{"line":73,"column":38}},"line":73}},"branchMap":{"0":{"loc":{"start":{"line":11,"column":20},"end":{"line":11,"column":34}},"type":"binary-expr","locations":[{"start":{"line":11,"column":20},"end":{"line":11,"column":28}},{"start":{"line":11,"column":32},"end":{"line":11,"column":34}}],"line":11}},"s":{"0":22,"1":7,"2":42,"3":1,"4":1,"5":1,"6":1,"7":1,"8":1,"9":1,"10":1,"11":1,"12":1,"13":1,"14":1,"15":1,"16":1,"17":1,"18":1,"19":1,"20":1,"21":1,"22":1,"23":1,"24":1,"25":1,"26":1,"27":1,"28":1,"29":1,"30":1,"31":1,"32":1,"33":1,"34":1,"35":6,"36":1},"f":{"0":22,"1":7,"2":42,"3":1,"4":1,"5":1,"6":1,"7":6},"b":{"0":[22,12]},"_coverageSchema":"332fd63041d2c1bcb487cc26dd0d5f7d97098a6c","hash":"190adfd7ea4737b19a69d56e7e906c68bc31aadb"}
,"/home/faust/github/solid/src/common/plane.js": {"path":"/home/faust/github/solid/src/common/plane.js","statementMap":{"0":{"start":{"line":4,"column":22},"end":{"line":4,"column":26}},"1":{"start":{"line":6,"column":17},"end":{"line":6,"column":18}},"2":{"start":{"line":7,"column":14},"end":{"line":7,"column":15}},"3":{"start":{"line":8,"column":13},"end":{"line":8,"column":14}},"4":{"start":{"line":9,"column":17},"end":{"line":9,"column":18}},"5":{"start":{"line":16,"column":4},"end":{"line":16,"column":25}},"6":{"start":{"line":17,"column":4},"end":{"line":17,"column":15}},"7":{"start":{"line":21,"column":4},"end":{"line":21,"column":87}},"8":{"start":{"line":32,"column":12},"end":{"line":35,"column":13}},"9":{"start":{"line":36,"column":4},"end":{"line":36,"column":34}},"10":{"start":{"line":40,"column":4},"end":{"line":40,"column":50}},"11":{"start":{"line":44,"column":4},"end":{"line":44,"column":40}},"12":{"start":{"line":45,"column":4},"end":{"line":45,"column":21}},"13":{"start":{"line":62,"column":22},"end":{"line":62,"column":23}},"14":{"start":{"line":63,"column":16},"end":{"line":68,"column":6}},"15":{"start":{"line":64,"column":14},"end":{"line":64,"column":50}},"16":{"start":{"line":65,"column":17},"end":{"line":65,"column":81}},"17":{"start":{"line":66,"column":6},"end":{"line":66,"column":26}},"18":{"start":{"line":67,"column":6},"end":{"line":67,"column":18}},"19":{"start":{"line":71,"column":4},"end":{"line":116,"column":5}},"20":{"start":{"line":73,"column":8},"end":{"line":73,"column":97}},"21":{"start":{"line":74,"column":8},"end":{"line":74,"column":14}},"22":{"start":{"line":76,"column":8},"end":{"line":76,"column":28}},"23":{"start":{"line":77,"column":8},"end":{"line":77,"column":14}},"24":{"start":{"line":79,"column":8},"end":{"line":79,"column":27}},"25":{"start":{"line":80,"column":8},"end":{"line":80,"column":14}},"26":{"start":{"line":84,"column":16},"end":{"line":84,"column":18}},"27":{"start":{"line":85,"column":16},"end":{"line":85,"column":18}},"28":{"start":{"line":86,"column":8},"end":{"line":106,"column":9}},"29":{"start":{"line":87,"column":18},"end":{"line":87,"column":51}},"30":{"start":{"line":88,"column":19},"end":{"line":88,"column":27}},"31":{"start":{"line":89,"column":19},"end":{"line":89,"column":27}},"32":{"start":{"line":90,"column":19},"end":{"line":90,"column":38}},"33":{"start":{"line":91,"column":19},"end":{"line":91,"column":38}},"34":{"start":{"line":93,"column":10},"end":{"line":95,"column":11}},"35":{"start":{"line":94,"column":12},"end":{"line":94,"column":23}},"36":{"start":{"line":96,"column":10},"end":{"line":98,"column":11}},"37":{"start":{"line":97,"column":12},"end":{"line":97,"column":49}},"38":{"start":{"line":100,"column":10},"end":{"line":105,"column":11}},"39":{"start":{"line":101,"column":20},"end":{"line":101,"column":109}},"40":{"start":{"line":102,"column":20},"end":{"line":102,"column":41}},"41":{"start":{"line":103,"column":12},"end":{"line":103,"column":22}},"42":{"start":{"line":104,"column":12},"end":{"line":104,"column":30}},"43":{"start":{"line":108,"column":8},"end":{"line":110,"column":9}},"44":{"start":{"line":109,"column":10},"end":{"line":109,"column":53}},"45":{"start":{"line":111,"column":8},"end":{"line":113,"column":9}},"46":{"start":{"line":112,"column":10},"end":{"line":112,"column":52}},"47":{"start":{"line":115,"column":8},"end":{"line":115,"column":14}}},"fnMap":{"0":{"name":"(anonymous_0)","decl":{"start":{"line":15,"column":2},"end":{"line":15,"column":3}},"loc":{"start":{"line":15,"column":25},"end":{"line":18,"column":3}},"line":15},"1":{"name":"(anonymous_1)","decl":{"start":{"line":20,"column":2},"end":{"line":20,"column":3}},"loc":{"start":{"line":20,"column":9},"end":{"line":22,"column":3}},"line":20},"2":{"name":"(anonymous_2)","decl":{"start":{"line":31,"column":2},"end":{"line":31,"column":3}},"loc":{"start":{"line":31,"column":29},"end":{"line":37,"column":3}},"line":31},"3":{"name":"(anonymous_3)","decl":{"start":{"line":39,"column":2},"end":{"line":39,"column":3}},"loc":{"start":{"line":39,"column":10},"end":{"line":41,"column":3}},"line":39},"4":{"name":"(anonymous_4)","decl":{"start":{"line":43,"column":2},"end":{"line":43,"column":3}},"loc":{"start":{"line":43,"column":9},"end":{"line":46,"column":3}},"line":43},"5":{"name":"(anonymous_5)","decl":{"start":{"line":60,"column":2},"end":{"line":60,"column":3}},"loc":{"start":{"line":60,"column":66},"end":{"line":117,"column":3}},"line":60},"6":{"name":"(anonymous_6)","decl":{"start":{"line":63,"column":37},"end":{"line":63,"column":38}},"loc":{"start":{"line":63,"column":42},"end":{"line":68,"column":5}},"line":63}},"branchMap":{"0":{"loc":{"start":{"line":65,"column":17},"end":{"line":65,"column":81}},"type":"cond-expr","locations":[{"start":{"line":65,"column":38},"end":{"line":65,"column":42}},{"start":{"line":65,"column":45},"end":{"line":65,"column":81}}],"line":65},"1":{"loc":{"start":{"line":65,"column":45},"end":{"line":65,"column":81}},"type":"cond-expr","locations":[{"start":{"line":65,"column":65},"end":{"line":65,"column":70}},{"start":{"line":65,"column":73},"end":{"line":65,"column":81}}],"line":65},"2":{"loc":{"start":{"line":71,"column":4},"end":{"line":116,"column":5}},"type":"switch","locations":[{"start":{"line":72,"column":6},"end":{"line":74,"column":14}},{"start":{"line":75,"column":6},"end":{"line":77,"column":14}},{"start":{"line":78,"column":6},"end":{"line":80,"column":14}},{"start":{"line":82,"column":6},"end":{"line":115,"column":14}}],"line":71},"3":{"loc":{"start":{"line":73,"column":9},"end":{"line":73,"column":81}},"type":"cond-expr","locations":[{"start":{"line":73,"column":53},"end":{"line":73,"column":66}},{"start":{"line":73,"column":69},"end":{"line":73,"column":81}}],"line":73},"4":{"loc":{"start":{"line":93,"column":10},"end":{"line":95,"column":11}},"type":"if","locations":[{"start":{"line":93,"column":10},"end":{"line":95,"column":11}},{"start":{"line":93,"column":10},"end":{"line":95,"column":11}}],"line":93},"5":{"loc":{"start":{"line":96,"column":10},"end":{"line":98,"column":11}},"type":"if","locations":[{"start":{"line":96,"column":10},"end":{"line":98,"column":11}},{"start":{"line":96,"column":10},"end":{"line":98,"column":11}}],"line":96},"6":{"loc":{"start":{"line":97,"column":19},"end":{"line":97,"column":47}},"type":"cond-expr","locations":[{"start":{"line":97,"column":32},"end":{"line":97,"column":42}},{"start":{"line":97,"column":45},"end":{"line":97,"column":47}}],"line":97},"7":{"loc":{"start":{"line":100,"column":10},"end":{"line":105,"column":11}},"type":"if","locations":[{"start":{"line":100,"column":10},"end":{"line":105,"column":11}},{"start":{"line":100,"column":10},"end":{"line":105,"column":11}}],"line":100},"8":{"loc":{"start":{"line":108,"column":8},"end":{"line":110,"column":9}},"type":"if","locations":[{"start":{"line":108,"column":8},"end":{"line":110,"column":9}},{"start":{"line":108,"column":8},"end":{"line":110,"column":9}}],"line":108},"9":{"loc":{"start":{"line":111,"column":8},"end":{"line":113,"column":9}},"type":"if","locations":[{"start":{"line":111,"column":8},"end":{"line":113,"column":9}},{"start":{"line":111,"column":8},"end":{"line":113,"column":9}}],"line":111}},"s":{"0":7,"1":7,"2":7,"3":7,"4":7,"5":337,"6":337,"7":1,"8":278,"9":278,"10":55,"11":134,"12":134,"13":503,"14":503,"15":2012,"16":2012,"17":2012,"18":2012,"19":503,"20":56,"21":56,"22":159,"23":159,"24":233,"25":233,"26":55,"27":55,"28":55,"29":220,"30":220,"31":220,"32":220,"33":220,"34":220,"35":110,"36":220,"37":110,"38":220,"39":110,"40":110,"41":110,"42":110,"43":55,"44":55,"45":55,"46":55,"47":55},"f":{"0":337,"1":1,"2":278,"3":55,"4":134,"5":503,"6":2012},"b":{"0":[832,1180],"1":[656,524],"2":[56,159,233,55],"3":[55,1],"4":[110,110],"5":[110,110],"6":[0,110],"7":[110,110],"8":[55,0],"9":[55,0]},"_coverageSchema":"332fd63041d2c1bcb487cc26dd0d5f7d97098a6c","hash":"afee732cc85bc68be18eaf6d8f5c1422f9522e4e"}
,"/home/faust/github/solid/src/common/polygon.js": {"path":"/home/faust/github/solid/src/common/polygon.js","statementMap":{"0":{"start":{"line":15,"column":4},"end":{"line":15,"column":29}},"1":{"start":{"line":16,"column":4},"end":{"line":16,"column":25}},"2":{"start":{"line":17,"column":4},"end":{"line":17,"column":100}},"3":{"start":{"line":21,"column":19},"end":{"line":21,"column":52}},"4":{"start":{"line":21,"column":42},"end":{"line":21,"column":51}},"5":{"start":{"line":22,"column":4},"end":{"line":22,"column":46}},"6":{"start":{"line":26,"column":4},"end":{"line":26,"column":47}},"7":{"start":{"line":26,"column":37},"end":{"line":26,"column":45}},"8":{"start":{"line":27,"column":4},"end":{"line":27,"column":22}}},"fnMap":{"0":{"name":"(anonymous_0)","decl":{"start":{"line":14,"column":2},"end":{"line":14,"column":3}},"loc":{"start":{"line":14,"column":32},"end":{"line":18,"column":3}},"line":14},"1":{"name":"(anonymous_1)","decl":{"start":{"line":20,"column":2},"end":{"line":20,"column":3}},"loc":{"start":{"line":20,"column":10},"end":{"line":23,"column":3}},"line":20},"2":{"name":"(anonymous_2)","decl":{"start":{"line":21,"column":37},"end":{"line":21,"column":38}},"loc":{"start":{"line":21,"column":42},"end":{"line":21,"column":51}},"line":21},"3":{"name":"(anonymous_3)","decl":{"start":{"line":25,"column":2},"end":{"line":25,"column":3}},"loc":{"start":{"line":25,"column":9},"end":{"line":28,"column":3}},"line":25},"4":{"name":"(anonymous_4)","decl":{"start":{"line":26,"column":32},"end":{"line":26,"column":33}},"loc":{"start":{"line":26,"column":37},"end":{"line":26,"column":45}},"line":26}},"branchMap":{},"s":{"0":277,"1":277,"2":277,"3":43,"4":171,"5":43,"6":73,"7":291,"8":73},"f":{"0":277,"1":43,"2":171,"3":73,"4":291},"b":{},"_coverageSchema":"332fd63041d2c1bcb487cc26dd0d5f7d97098a6c","hash":"36dc97ca04da8e2c188ee98e60f391db4d76e280"}
,"/home/faust/github/solid/src/common/vector.js": {"path":"/home/faust/github/solid/src/common/vector.js","statementMap":{"0":{"start":{"line":3,"column":4},"end":{"line":3,"column":20}},"1":{"start":{"line":4,"column":4},"end":{"line":4,"column":20}},"2":{"start":{"line":5,"column":4},"end":{"line":5,"column":20}},"3":{"start":{"line":9,"column":4},"end":{"line":9,"column":91}},"4":{"start":{"line":12,"column":4},"end":{"line":12,"column":91}},"5":{"start":{"line":16,"column":4},"end":{"line":16,"column":46}},"6":{"start":{"line":20,"column":4},"end":{"line":20,"column":49}},"7":{"start":{"line":24,"column":4},"end":{"line":24,"column":64}},"8":{"start":{"line":28,"column":4},"end":{"line":28,"column":64}},"9":{"start":{"line":32,"column":4},"end":{"line":32,"column":58}},"10":{"start":{"line":36,"column":4},"end":{"line":36,"column":58}},"11":{"start":{"line":40,"column":4},"end":{"line":40,"column":54}},"12":{"start":{"line":44,"column":13},"end":{"line":44,"column":25}},"13":{"start":{"line":45,"column":13},"end":{"line":45,"column":25}},"14":{"start":{"line":46,"column":13},"end":{"line":46,"column":25}},"15":{"start":{"line":47,"column":4},"end":{"line":47,"column":73}},"16":{"start":{"line":51,"column":4},"end":{"line":51,"column":74}},"17":{"start":{"line":55,"column":4},"end":{"line":55,"column":41}},"18":{"start":{"line":59,"column":4},"end":{"line":59,"column":109}},"19":{"start":{"line":63,"column":12},"end":{"line":63,"column":27}},"20":{"start":{"line":64,"column":12},"end":{"line":64,"column":27}},"21":{"start":{"line":66,"column":4},"end":{"line":66,"column":81}},"22":{"start":{"line":70,"column":33},"end":{"line":70,"column":76}},"23":{"start":{"line":71,"column":33},"end":{"line":71,"column":73}},"24":{"start":{"line":73,"column":20},"end":{"line":73,"column":39}},"25":{"start":{"line":74,"column":19},"end":{"line":74,"column":38}},"26":{"start":{"line":76,"column":22},"end":{"line":76,"column":41}},"27":{"start":{"line":77,"column":22},"end":{"line":77,"column":41}},"28":{"start":{"line":78,"column":22},"end":{"line":78,"column":41}}},"fnMap":{"0":{"name":"(anonymous_0)","decl":{"start":{"line":2,"column":2},"end":{"line":2,"column":3}},"loc":{"start":{"line":2,"column":23},"end":{"line":6,"column":3}},"line":2},"1":{"name":"(anonymous_1)","decl":{"start":{"line":8,"column":2},"end":{"line":8,"column":3}},"loc":{"start":{"line":8,"column":9},"end":{"line":10,"column":3}},"line":8},"2":{"name":"(anonymous_2)","decl":{"start":{"line":11,"column":2},"end":{"line":11,"column":3}},"loc":{"start":{"line":11,"column":9},"end":{"line":13,"column":3}},"line":11},"3":{"name":"(anonymous_3)","decl":{"start":{"line":15,"column":2},"end":{"line":15,"column":3}},"loc":{"start":{"line":15,"column":10},"end":{"line":17,"column":3}},"line":15},"4":{"name":"(anonymous_4)","decl":{"start":{"line":19,"column":2},"end":{"line":19,"column":3}},"loc":{"start":{"line":19,"column":12},"end":{"line":21,"column":3}},"line":19},"5":{"name":"(anonymous_5)","decl":{"start":{"line":23,"column":2},"end":{"line":23,"column":3}},"loc":{"start":{"line":23,"column":10},"end":{"line":25,"column":3}},"line":23},"6":{"name":"(anonymous_6)","decl":{"start":{"line":27,"column":2},"end":{"line":27,"column":3}},"loc":{"start":{"line":27,"column":11},"end":{"line":29,"column":3}},"line":27},"7":{"name":"(anonymous_7)","decl":{"start":{"line":31,"column":2},"end":{"line":31,"column":3}},"loc":{"start":{"line":31,"column":11},"end":{"line":33,"column":3}},"line":31},"8":{"name":"(anonymous_8)","decl":{"start":{"line":35,"column":2},"end":{"line":35,"column":3}},"loc":{"start":{"line":35,"column":15},"end":{"line":37,"column":3}},"line":35},"9":{"name":"(anonymous_9)","decl":{"start":{"line":39,"column":2},"end":{"line":39,"column":3}},"loc":{"start":{"line":39,"column":9},"end":{"line":41,"column":3}},"line":39},"10":{"name":"(anonymous_10)","decl":{"start":{"line":43,"column":2},"end":{"line":43,"column":3}},"loc":{"start":{"line":43,"column":13},"end":{"line":48,"column":3}},"line":43},"11":{"name":"(anonymous_11)","decl":{"start":{"line":50,"column":2},"end":{"line":50,"column":3}},"loc":{"start":{"line":50,"column":11},"end":{"line":52,"column":3}},"line":50},"12":{"name":"(anonymous_12)","decl":{"start":{"line":54,"column":2},"end":{"line":54,"column":3}},"loc":{"start":{"line":54,"column":9},"end":{"line":56,"column":3}},"line":54},"13":{"name":"(anonymous_13)","decl":{"start":{"line":58,"column":2},"end":{"line":58,"column":3}},"loc":{"start":{"line":58,"column":11},"end":{"line":60,"column":3}},"line":58},"14":{"name":"(anonymous_14)","decl":{"start":{"line":62,"column":2},"end":{"line":62,"column":3}},"loc":{"start":{"line":62,"column":17},"end":{"line":67,"column":3}},"line":62}},"branchMap":{"0":{"loc":{"start":{"line":3,"column":13},"end":{"line":3,"column":19}},"type":"binary-expr","locations":[{"start":{"line":3,"column":13},"end":{"line":3,"column":14}},{"start":{"line":3,"column":18},"end":{"line":3,"column":19}}],"line":3},"1":{"loc":{"start":{"line":4,"column":13},"end":{"line":4,"column":19}},"type":"binary-expr","locations":[{"start":{"line":4,"column":13},"end":{"line":4,"column":14}},{"start":{"line":4,"column":18},"end":{"line":4,"column":19}}],"line":4},"2":{"loc":{"start":{"line":5,"column":13},"end":{"line":5,"column":19}},"type":"binary-expr","locations":[{"start":{"line":5,"column":13},"end":{"line":5,"column":14}},{"start":{"line":5,"column":18},"end":{"line":5,"column":19}}],"line":5}},"s":{"0":4727,"1":4727,"2":4727,"3":1,"4":1,"5":645,"6":436,"7":725,"8":675,"9":1081,"10":368,"11":2735,"12":223,"13":223,"14":223,"15":223,"16":369,"17":367,"18":296,"19":1,"20":1,"21":1,"22":10,"23":10,"24":10,"25":10,"26":10,"27":10,"28":10},"f":{"0":4727,"1":1,"2":1,"3":645,"4":436,"5":725,"6":675,"7":1081,"8":368,"9":2735,"10":223,"11":369,"12":367,"13":296,"14":1},"b":{"0":[4727,2136],"1":[4727,2316],"2":[4727,1895]},"_coverageSchema":"332fd63041d2c1bcb487cc26dd0d5f7d97098a6c","hash":"bdd844b0b9525e05458afdeafee4acf09a747c7a"}
,"/home/faust/github/solid/src/common/vertex.js": {"path":"/home/faust/github/solid/src/common/vertex.js","statementMap":{"0":{"start":{"line":12,"column":4},"end":{"line":12,"column":29}},"1":{"start":{"line":13,"column":4},"end":{"line":13,"column":25}},"2":{"start":{"line":17,"column":4},"end":{"line":17,"column":66}},"3":{"start":{"line":25,"column":4},"end":{"line":25,"column":40}},"4":{"start":{"line":34,"column":4},"end":{"line":34,"column":96}}},"fnMap":{"0":{"name":"(anonymous_0)","decl":{"start":{"line":11,"column":2},"end":{"line":11,"column":3}},"loc":{"start":{"line":11,"column":32},"end":{"line":14,"column":3}},"line":11},"1":{"name":"(anonymous_1)","decl":{"start":{"line":16,"column":2},"end":{"line":16,"column":3}},"loc":{"start":{"line":16,"column":10},"end":{"line":18,"column":3}},"line":16},"2":{"name":"(anonymous_2)","decl":{"start":{"line":24,"column":2},"end":{"line":24,"column":3}},"loc":{"start":{"line":24,"column":9},"end":{"line":26,"column":3}},"line":24},"3":{"name":"(anonymous_3)","decl":{"start":{"line":33,"column":2},"end":{"line":33,"column":3}},"loc":{"start":{"line":33,"column":24},"end":{"line":35,"column":3}},"line":33}},"branchMap":{},"s":{"0":770,"1":770,"2":282,"3":292,"4":110},"f":{"0":770,"1":282,"2":292,"3":110},"b":{},"_coverageSchema":"332fd63041d2c1bcb487cc26dd0d5f7d97098a6c","hash":"0a5755abe66d14914baf6e949225a2f7ea7318ba"}
,"/home/faust/github/solid/src/io/wavefront.js": {"path":"/home/faust/github/solid/src/io/wavefront.js","statementMap":{"0":{"start":{"line":13,"column":19},"end":{"line":13,"column":21}},"1":{"start":{"line":14,"column":18},"end":{"line":14,"column":20}},"2":{"start":{"line":15,"column":16},"end":{"line":15,"column":18}},"3":{"start":{"line":17,"column":17},"end":{"line":17,"column":18}},"4":{"start":{"line":18,"column":4},"end":{"line":43,"column":7}},"5":{"start":{"line":19,"column":14},"end":{"line":19,"column":36}},"6":{"start":{"line":20,"column":14},"end":{"line":20,"column":36}},"7":{"start":{"line":22,"column":6},"end":{"line":22,"column":45}},"8":{"start":{"line":23,"column":6},"end":{"line":23,"column":45}},"9":{"start":{"line":25,"column":6},"end":{"line":25,"column":31}},"10":{"start":{"line":26,"column":6},"end":{"line":26,"column":31}},"11":{"start":{"line":27,"column":6},"end":{"line":27,"column":45}},"12":{"start":{"line":28,"column":6},"end":{"line":28,"column":45}},"13":{"start":{"line":30,"column":6},"end":{"line":40,"column":7}},"14":{"start":{"line":31,"column":16},"end":{"line":31,"column":38}},"15":{"start":{"line":32,"column":8},"end":{"line":32,"column":47}},"16":{"start":{"line":33,"column":8},"end":{"line":33,"column":33}},"17":{"start":{"line":34,"column":8},"end":{"line":34,"column":47}},"18":{"start":{"line":36,"column":17},"end":{"line":36,"column":27}},"19":{"start":{"line":37,"column":17},"end":{"line":37,"column":35}},"20":{"start":{"line":38,"column":17},"end":{"line":38,"column":31}},"21":{"start":{"line":39,"column":8},"end":{"line":39,"column":62}},"22":{"start":{"line":42,"column":6},"end":{"line":42,"column":34}},"23":{"start":{"line":45,"column":4},"end":{"line":45,"column":38}}},"fnMap":{"0":{"name":"(anonymous_0)","decl":{"start":{"line":12,"column":2},"end":{"line":12,"column":3}},"loc":{"start":{"line":12,"column":13},"end":{"line":46,"column":3}},"line":12},"1":{"name":"(anonymous_1)","decl":{"start":{"line":18,"column":25},"end":{"line":18,"column":26}},"loc":{"start":{"line":18,"column":30},"end":{"line":43,"column":5}},"line":18}},"branchMap":{},"s":{"0":13,"1":13,"2":13,"3":13,"4":13,"5":153,"6":153,"7":153,"8":153,"9":153,"10":153,"11":153,"12":153,"13":153,"14":230,"15":230,"16":230,"17":230,"18":230,"19":230,"20":230,"21":230,"22":153,"23":13},"f":{"0":13,"1":153},"b":{},"_coverageSchema":"332fd63041d2c1bcb487cc26dd0d5f7d97098a6c","hash":"4c6ddb79b236127318f60b80c29bce205e1faa0c"}
,"/home/faust/github/solid/src/misc/path.js": {"path":"/home/faust/github/solid/src/misc/path.js","statementMap":{"0":{"start":{"line":12,"column":10},"end":{"line":12,"column":22}},"1":{"start":{"line":13,"column":2},"end":{"line":13,"column":17}},"2":{"start":{"line":14,"column":2},"end":{"line":14,"column":17}},"3":{"start":{"line":15,"column":2},"end":{"line":15,"column":11}},"4":{"start":{"line":23,"column":4},"end":{"line":23,"column":16}},"5":{"start":{"line":33,"column":4},"end":{"line":35,"column":5}},"6":{"start":{"line":34,"column":6},"end":{"line":34,"column":45}},"7":{"start":{"line":37,"column":4},"end":{"line":37,"column":42}},"8":{"start":{"line":38,"column":4},"end":{"line":38,"column":16}},"9":{"start":{"line":48,"column":4},"end":{"line":50,"column":5}},"10":{"start":{"line":49,"column":6},"end":{"line":49,"column":58}},"11":{"start":{"line":51,"column":4},"end":{"line":51,"column":42}},"12":{"start":{"line":52,"column":4},"end":{"line":52,"column":16}},"13":{"start":{"line":60,"column":4},"end":{"line":60,"column":16}},"14":{"start":{"line":70,"column":4},"end":{"line":70,"column":34}},"15":{"start":{"line":71,"column":4},"end":{"line":71,"column":24}},"16":{"start":{"line":72,"column":15},"end":{"line":72,"column":19}},"17":{"start":{"line":73,"column":20},"end":{"line":73,"column":57}},"18":{"start":{"line":73,"column":37},"end":{"line":73,"column":55}},"19":{"start":{"line":75,"column":4},"end":{"line":83,"column":7}},"20":{"start":{"line":76,"column":14},"end":{"line":76,"column":51}},"21":{"start":{"line":78,"column":15},"end":{"line":78,"column":24}},"22":{"start":{"line":79,"column":15},"end":{"line":79,"column":24}},"23":{"start":{"line":81,"column":14},"end":{"line":81,"column":39}},"24":{"start":{"line":82,"column":6},"end":{"line":82,"column":48}}},"fnMap":{"0":{"name":"vec","decl":{"start":{"line":11,"column":9},"end":{"line":11,"column":12}},"loc":{"start":{"line":11,"column":25},"end":{"line":16,"column":1}},"line":11},"1":{"name":"(anonymous_1)","decl":{"start":{"line":22,"column":2},"end":{"line":22,"column":3}},"loc":{"start":{"line":22,"column":16},"end":{"line":24,"column":3}},"line":22},"2":{"name":"(anonymous_2)","decl":{"start":{"line":32,"column":2},"end":{"line":32,"column":3}},"loc":{"start":{"line":32,"column":15},"end":{"line":39,"column":3}},"line":32},"3":{"name":"(anonymous_3)","decl":{"start":{"line":47,"column":2},"end":{"line":47,"column":3}},"loc":{"start":{"line":47,"column":15},"end":{"line":53,"column":3}},"line":47},"4":{"name":"(anonymous_4)","decl":{"start":{"line":59,"column":2},"end":{"line":59,"column":3}},"loc":{"start":{"line":59,"column":10},"end":{"line":61,"column":3}},"line":59},"5":{"name":"(anonymous_5)","decl":{"start":{"line":69,"column":2},"end":{"line":69,"column":3}},"loc":{"start":{"line":69,"column":27},"end":{"line":84,"column":3}},"line":69},"6":{"name":"(anonymous_6)","decl":{"start":{"line":73,"column":31},"end":{"line":73,"column":32}},"loc":{"start":{"line":73,"column":37},"end":{"line":73,"column":55}},"line":73},"7":{"name":"(anonymous_7)","decl":{"start":{"line":75,"column":25},"end":{"line":75,"column":26}},"loc":{"start":{"line":75,"column":35},"end":{"line":83,"column":5}},"line":75}},"branchMap":{"0":{"loc":{"start":{"line":33,"column":4},"end":{"line":35,"column":5}},"type":"if","locations":[{"start":{"line":33,"column":4},"end":{"line":35,"column":5}},{"start":{"line":33,"column":4},"end":{"line":35,"column":5}}],"line":33},"1":{"loc":{"start":{"line":48,"column":4},"end":{"line":50,"column":5}},"type":"if","locations":[{"start":{"line":48,"column":4},"end":{"line":50,"column":5}},{"start":{"line":48,"column":4},"end":{"line":50,"column":5}}],"line":48},"2":{"loc":{"start":{"line":70,"column":17},"end":{"line":70,"column":33}},"type":"binary-expr","locations":[{"start":{"line":70,"column":17},"end":{"line":70,"column":27}},{"start":{"line":70,"column":31},"end":{"line":70,"column":33}}],"line":70},"3":{"loc":{"start":{"line":71,"column":11},"end":{"line":71,"column":23}},"type":"binary-expr","locations":[{"start":{"line":71,"column":11},"end":{"line":71,"column":15}},{"start":{"line":71,"column":19},"end":{"line":71,"column":23}}],"line":71}},"s":{"0":16,"1":16,"2":16,"3":16,"4":3,"5":3,"6":1,"7":2,"8":2,"9":4,"10":1,"11":3,"12":3,"13":1,"14":2,"15":2,"16":2,"17":2,"18":8,"19":2,"20":8,"21":8,"22":8,"23":8,"24":8},"f":{"0":16,"1":3,"2":3,"3":4,"4":1,"5":2,"6":8,"7":8},"b":{"0":[1,2],"1":[1,3],"2":[2,2],"3":[2,0]},"_coverageSchema":"332fd63041d2c1bcb487cc26dd0d5f7d97098a6c","hash":"6541cee0eaba0bfe454262cf6d49418b1b21274d"}
,"/home/faust/github/solid/src/volumes/cone.js": {"path":"/home/faust/github/solid/src/volumes/cone.js","statementMap":{"0":{"start":{"line":5,"column":4},"end":{"line":5,"column":12}},"1":{"start":{"line":7,"column":14},"end":{"line":7,"column":30}},"2":{"start":{"line":8,"column":16},"end":{"line":8,"column":26}},"3":{"start":{"line":9,"column":14},"end":{"line":9,"column":37}},"4":{"start":{"line":10,"column":16},"end":{"line":10,"column":76}},"5":{"start":{"line":11,"column":16},"end":{"line":11,"column":41}},"6":{"start":{"line":13,"column":18},"end":{"line":13,"column":52}},"7":{"start":{"line":14,"column":16},"end":{"line":14,"column":45}},"8":{"start":{"line":16,"column":4},"end":{"line":72,"column":5}},"9":{"start":{"line":17,"column":6},"end":{"line":30,"column":7}},"10":{"start":{"line":18,"column":17},"end":{"line":18,"column":47}},"11":{"start":{"line":19,"column":17},"end":{"line":19,"column":68}},"12":{"start":{"line":21,"column":17},"end":{"line":21,"column":74}},"13":{"start":{"line":22,"column":17},"end":{"line":22,"column":46}},"14":{"start":{"line":23,"column":17},"end":{"line":23,"column":74}},"15":{"start":{"line":24,"column":17},"end":{"line":24,"column":46}},"16":{"start":{"line":25,"column":8},"end":{"line":25,"column":105}},"17":{"start":{"line":27,"column":8},"end":{"line":29,"column":9}},"18":{"start":{"line":28,"column":10},"end":{"line":28,"column":127}},"19":{"start":{"line":31,"column":11},"end":{"line":72,"column":5}},"20":{"start":{"line":32,"column":6},"end":{"line":45,"column":7}},"21":{"start":{"line":33,"column":17},"end":{"line":33,"column":47}},"22":{"start":{"line":34,"column":17},"end":{"line":34,"column":68}},"23":{"start":{"line":36,"column":17},"end":{"line":36,"column":74}},"24":{"start":{"line":37,"column":17},"end":{"line":37,"column":50}},"25":{"start":{"line":38,"column":17},"end":{"line":38,"column":74}},"26":{"start":{"line":39,"column":17},"end":{"line":39,"column":50}},"27":{"start":{"line":40,"column":8},"end":{"line":40,"column":103}},"28":{"start":{"line":42,"column":8},"end":{"line":44,"column":9}},"29":{"start":{"line":43,"column":10},"end":{"line":43,"column":133}},"30":{"start":{"line":47,"column":6},"end":{"line":71,"column":7}},"31":{"start":{"line":48,"column":17},"end":{"line":48,"column":47}},"32":{"start":{"line":49,"column":17},"end":{"line":49,"column":53}},"33":{"start":{"line":51,"column":17},"end":{"line":51,"column":74}},"34":{"start":{"line":52,"column":17},"end":{"line":52,"column":74}},"35":{"start":{"line":54,"column":18},"end":{"line":54,"column":51}},"36":{"start":{"line":55,"column":18},"end":{"line":55,"column":51}},"37":{"start":{"line":56,"column":18},"end":{"line":56,"column":47}},"38":{"start":{"line":57,"column":18},"end":{"line":57,"column":47}},"39":{"start":{"line":59,"column":16},"end":{"line":59,"column":42}},"40":{"start":{"line":60,"column":16},"end":{"line":60,"column":42}},"41":{"start":{"line":61,"column":16},"end":{"line":61,"column":42}},"42":{"start":{"line":62,"column":16},"end":{"line":62,"column":42}},"43":{"start":{"line":64,"column":8},"end":{"line":64,"column":51}},"44":{"start":{"line":65,"column":8},"end":{"line":65,"column":51}},"45":{"start":{"line":67,"column":8},"end":{"line":70,"column":9}},"46":{"start":{"line":68,"column":10},"end":{"line":68,"column":135}},"47":{"start":{"line":69,"column":10},"end":{"line":69,"column":129}}},"fnMap":{"0":{"name":"(anonymous_0)","decl":{"start":{"line":4,"column":2},"end":{"line":4,"column":3}},"loc":{"start":{"line":4,"column":70},"end":{"line":73,"column":3}},"line":4}},"branchMap":{"0":{"loc":{"start":{"line":10,"column":27},"end":{"line":10,"column":38}},"type":"cond-expr","locations":[{"start":{"line":10,"column":33},"end":{"line":10,"column":34}},{"start":{"line":10,"column":37},"end":{"line":10,"column":38}}],"line":10},"1":{"loc":{"start":{"line":10,"column":40},"end":{"line":10,"column":52}},"type":"cond-expr","locations":[{"start":{"line":10,"column":47},"end":{"line":10,"column":48}},{"start":{"line":10,"column":51},"end":{"line":10,"column":52}}],"line":10},"2":{"loc":{"start":{"line":16,"column":4},"end":{"line":72,"column":5}},"type":"if","locations":[{"start":{"line":16,"column":4},"end":{"line":72,"column":5}},{"start":{"line":16,"column":4},"end":{"line":72,"column":5}}],"line":16},"3":{"loc":{"start":{"line":27,"column":8},"end":{"line":29,"column":9}},"type":"if","locations":[{"start":{"line":27,"column":8},"end":{"line":29,"column":9}},{"start":{"line":27,"column":8},"end":{"line":29,"column":9}}],"line":27},"4":{"loc":{"start":{"line":31,"column":11},"end":{"line":72,"column":5}},"type":"if","locations":[{"start":{"line":31,"column":11},"end":{"line":72,"column":5}},{"start":{"line":31,"column":11},"end":{"line":72,"column":5}}],"line":31},"5":{"loc":{"start":{"line":42,"column":8},"end":{"line":44,"column":9}},"type":"if","locations":[{"start":{"line":42,"column":8},"end":{"line":44,"column":9}},{"start":{"line":42,"column":8},"end":{"line":44,"column":9}}],"line":42},"6":{"loc":{"start":{"line":67,"column":8},"end":{"line":70,"column":9}},"type":"if","locations":[{"start":{"line":67,"column":8},"end":{"line":70,"column":9}},{"start":{"line":67,"column":8},"end":{"line":70,"column":9}}],"line":67}},"s":{"0":6,"1":6,"2":6,"3":6,"4":6,"5":6,"6":6,"7":6,"8":6,"9":2,"10":6,"11":6,"12":6,"13":6,"14":6,"15":6,"16":6,"17":6,"18":3,"19":4,"20":2,"21":6,"22":6,"23":6,"24":6,"25":6,"26":6,"27":6,"28":6,"29":3,"30":2,"31":6,"32":6,"33":6,"34":6,"35":6,"36":6,"37":6,"38":6,"39":6,"40":6,"41":6,"42":6,"43":6,"44":6,"45":6,"46":3,"47":3},"f":{"0":6},"b":{"0":[6,0],"1":[0,6],"2":[2,4],"3":[3,3],"4":[2,2],"5":[3,3],"6":[3,3]},"_coverageSchema":"332fd63041d2c1bcb487cc26dd0d5f7d97098a6c","hash":"1b67e717ed6b157c5fd8e0039968ca9278cf1cff"}
,"/home/faust/github/solid/src/volumes/cube.js": {"path":"/home/faust/github/solid/src/volumes/cube.js","statementMap":{"0":{"start":{"line":5,"column":4},"end":{"line":5,"column":12}},"1":{"start":{"line":7,"column":4},"end":{"line":25,"column":7}},"2":{"start":{"line":15,"column":6},"end":{"line":24,"column":8}},"3":{"start":{"line":17,"column":20},"end":{"line":21,"column":11}},"4":{"start":{"line":22,"column":10},"end":{"line":22,"column":46}}},"fnMap":{"0":{"name":"(anonymous_0)","decl":{"start":{"line":4,"column":2},"end":{"line":4,"column":3}},"loc":{"start":{"line":4,"column":30},"end":{"line":26,"column":3}},"line":4},"1":{"name":"(anonymous_1)","decl":{"start":{"line":14,"column":10},"end":{"line":14,"column":11}},"loc":{"start":{"line":14,"column":18},"end":{"line":25,"column":5}},"line":14},"2":{"name":"(anonymous_2)","decl":{"start":{"line":16,"column":23},"end":{"line":16,"column":24}},"loc":{"start":{"line":16,"column":28},"end":{"line":23,"column":9}},"line":16}},"branchMap":{},"s":{"0":4,"1":4,"2":24,"3":96,"4":96},"f":{"0":4,"1":24,"2":96},"b":{},"_coverageSchema":"332fd63041d2c1bcb487cc26dd0d5f7d97098a6c","hash":"9a34cce8290d2b618acce9193b28dc8664d37520"}
,"/home/faust/github/solid/src/volumes/cylinder.js": {"path":"/home/faust/github/solid/src/volumes/cylinder.js","statementMap":{"0":{"start":{"line":5,"column":4},"end":{"line":5,"column":12}},"1":{"start":{"line":7,"column":14},"end":{"line":7,"column":30}},"2":{"start":{"line":8,"column":16},"end":{"line":8,"column":26}},"3":{"start":{"line":9,"column":14},"end":{"line":9,"column":37}},"4":{"start":{"line":10,"column":16},"end":{"line":10,"column":76}},"5":{"start":{"line":11,"column":16},"end":{"line":11,"column":41}},"6":{"start":{"line":12,"column":22},"end":{"line":12,"column":56}},"7":{"start":{"line":13,"column":20},"end":{"line":13,"column":49}},"8":{"start":{"line":16,"column":18},"end":{"line":16,"column":37}},"9":{"start":{"line":17,"column":16},"end":{"line":17,"column":79}},"10":{"start":{"line":18,"column":16},"end":{"line":18,"column":68}},"11":{"start":{"line":19,"column":19},"end":{"line":19,"column":86}},"12":{"start":{"line":20,"column":6},"end":{"line":20,"column":37}},"13":{"start":{"line":34,"column":4},"end":{"line":40,"column":5}},"14":{"start":{"line":35,"column":15},"end":{"line":35,"column":25}},"15":{"start":{"line":36,"column":13},"end":{"line":36,"column":29}},"16":{"start":{"line":37,"column":6},"end":{"line":37,"column":89}},"17":{"start":{"line":38,"column":6},"end":{"line":38,"column":108}},"18":{"start":{"line":39,"column":6},"end":{"line":39,"column":85}}},"fnMap":{"0":{"name":"(anonymous_0)","decl":{"start":{"line":4,"column":2},"end":{"line":4,"column":3}},"loc":{"start":{"line":4,"column":42},"end":{"line":41,"column":3}},"line":4},"1":{"name":"point","decl":{"start":{"line":15,"column":13},"end":{"line":15,"column":18}},"loc":{"start":{"line":15,"column":46},"end":{"line":21,"column":5}},"line":15}},"branchMap":{"0":{"loc":{"start":{"line":10,"column":27},"end":{"line":10,"column":38}},"type":"cond-expr","locations":[{"start":{"line":10,"column":33},"end":{"line":10,"column":34}},{"start":{"line":10,"column":37},"end":{"line":10,"column":38}}],"line":10},"1":{"loc":{"start":{"line":10,"column":40},"end":{"line":10,"column":52}},"type":"cond-expr","locations":[{"start":{"line":10,"column":47},"end":{"line":10,"column":48}},{"start":{"line":10,"column":51},"end":{"line":10,"column":52}}],"line":10}},"s":{"0":2,"1":2,"2":2,"3":2,"4":2,"5":2,"6":2,"7":2,"8":160,"9":160,"10":160,"11":160,"12":160,"13":2,"14":20,"15":20,"16":20,"17":20,"18":20},"f":{"0":2,"1":160},"b":{"0":[2,0],"1":[0,2]},"_coverageSchema":"332fd63041d2c1bcb487cc26dd0d5f7d97098a6c","hash":"1f081b3c7bd4ed5d26a8e2247f7480412b1272a9"}
,"/home/faust/github/solid/src/volumes/lathe.js": {"path":"/home/faust/github/solid/src/volumes/lathe.js","statementMap":{"0":{"start":{"line":6,"column":4},"end":{"line":6,"column":12}},"1":{"start":{"line":8,"column":17},"end":{"line":8,"column":46}},"2":{"start":{"line":9,"column":12},"end":{"line":9,"column":25}},"3":{"start":{"line":10,"column":13},"end":{"line":10,"column":41}},"4":{"start":{"line":10,"column":30},"end":{"line":10,"column":40}},"5":{"start":{"line":11,"column":4},"end":{"line":32,"column":5}},"6":{"start":{"line":12,"column":14},"end":{"line":12,"column":24}},"7":{"start":{"line":13,"column":18},"end":{"line":13,"column":35}},"8":{"start":{"line":15,"column":15},"end":{"line":19,"column":8}},"9":{"start":{"line":16,"column":16},"end":{"line":16,"column":42}},"10":{"start":{"line":17,"column":16},"end":{"line":17,"column":40}},"11":{"start":{"line":18,"column":8},"end":{"line":18,"column":32}},"12":{"start":{"line":21,"column":6},"end":{"line":29,"column":7}},"13":{"start":{"line":22,"column":16},"end":{"line":22,"column":21}},"14":{"start":{"line":23,"column":16},"end":{"line":23,"column":31}},"15":{"start":{"line":24,"column":16},"end":{"line":24,"column":31}},"16":{"start":{"line":25,"column":16},"end":{"line":25,"column":21}},"17":{"start":{"line":27,"column":8},"end":{"line":27,"column":51}},"18":{"start":{"line":28,"column":8},"end":{"line":28,"column":51}},"19":{"start":{"line":31,"column":6},"end":{"line":31,"column":14}}},"fnMap":{"0":{"name":"(anonymous_0)","decl":{"start":{"line":5,"column":2},"end":{"line":5,"column":3}},"loc":{"start":{"line":5,"column":40},"end":{"line":33,"column":3}},"line":5},"1":{"name":"(anonymous_1)","decl":{"start":{"line":10,"column":24},"end":{"line":10,"column":25}},"loc":{"start":{"line":10,"column":30},"end":{"line":10,"column":40}},"line":10},"2":{"name":"(anonymous_2)","decl":{"start":{"line":15,"column":26},"end":{"line":15,"column":27}},"loc":{"start":{"line":15,"column":32},"end":{"line":19,"column":7}},"line":15}},"branchMap":{},"s":{"0":0,"1":0,"2":0,"3":0,"4":0,"5":0,"6":0,"7":0,"8":0,"9":0,"10":0,"11":0,"12":0,"13":0,"14":0,"15":0,"16":0,"17":0,"18":0,"19":0},"f":{"0":0,"1":0,"2":0},"b":{},"_coverageSchema":"332fd63041d2c1bcb487cc26dd0d5f7d97098a6c","hash":"ff58aacfedf99ad17bad45a2f4d78abb24660923"}
,"/home/faust/github/solid/src/volumes/twist.js": {"path":"/home/faust/github/solid/src/volumes/twist.js","statementMap":{"0":{"start":{"line":5,"column":4},"end":{"line":5,"column":12}},"1":{"start":{"line":7,"column":17},"end":{"line":7,"column":46}},"2":{"start":{"line":8,"column":12},"end":{"line":8,"column":25}},"3":{"start":{"line":9,"column":13},"end":{"line":9,"column":41}},"4":{"start":{"line":9,"column":30},"end":{"line":9,"column":40}},"5":{"start":{"line":10,"column":4},"end":{"line":33,"column":5}},"6":{"start":{"line":11,"column":14},"end":{"line":11,"column":24}},"7":{"start":{"line":12,"column":14},"end":{"line":12,"column":24}},"8":{"start":{"line":13,"column":18},"end":{"line":13,"column":44}},"9":{"start":{"line":15,"column":15},"end":{"line":20,"column":8}},"10":{"start":{"line":16,"column":16},"end":{"line":16,"column":42}},"11":{"start":{"line":17,"column":8},"end":{"line":17,"column":16}},"12":{"start":{"line":18,"column":16},"end":{"line":18,"column":40}},"13":{"start":{"line":19,"column":8},"end":{"line":19,"column":32}},"14":{"start":{"line":22,"column":6},"end":{"line":30,"column":7}},"15":{"start":{"line":23,"column":16},"end":{"line":23,"column":21}},"16":{"start":{"line":24,"column":16},"end":{"line":24,"column":31}},"17":{"start":{"line":25,"column":16},"end":{"line":25,"column":31}},"18":{"start":{"line":26,"column":16},"end":{"line":26,"column":21}},"19":{"start":{"line":28,"column":8},"end":{"line":28,"column":51}},"20":{"start":{"line":29,"column":8},"end":{"line":29,"column":51}},"21":{"start":{"line":32,"column":6},"end":{"line":32,"column":14}}},"fnMap":{"0":{"name":"(anonymous_0)","decl":{"start":{"line":4,"column":2},"end":{"line":4,"column":3}},"loc":{"start":{"line":4,"column":56},"end":{"line":34,"column":3}},"line":4},"1":{"name":"(anonymous_1)","decl":{"start":{"line":9,"column":24},"end":{"line":9,"column":25}},"loc":{"start":{"line":9,"column":30},"end":{"line":9,"column":40}},"line":9},"2":{"name":"(anonymous_2)","decl":{"start":{"line":15,"column":26},"end":{"line":15,"column":27}},"loc":{"start":{"line":15,"column":32},"end":{"line":20,"column":7}},"line":15}},"branchMap":{},"s":{"0":0,"1":0,"2":0,"3":0,"4":0,"5":0,"6":0,"7":0,"8":0,"9":0,"10":0,"11":0,"12":0,"13":0,"14":0,"15":0,"16":0,"17":0,"18":0,"19":0,"20":0,"21":0},"f":{"0":0,"1":0,"2":0},"b":{},"_coverageSchema":"332fd63041d2c1bcb487cc26dd0d5f7d97098a6c","hash":"188712779806de1487c8d6f6a1e9ac6bdf687a3d"}
}
