TN:
SF:/home/faust/github/solid/src/common/bspNode.js
FN:4,findSplittingPlane
FN:7,(anonymous_1)
FN:26,(anonymous_2)
FN:39,(anonymous_3)
FN:44,(anonymous_4)
FN:49,(anonymous_5)
FN:54,(anonymous_6)
FN:55,(anonymous_7)
FN:72,(anonymous_8)
FN:78,(anonymous_9)
FN:97,(anonymous_10)
FN:111,(anonymous_11)
FN:131,(anonymous_12)
FN:144,(anonymous_13)
FNF:14
FNH:11
FNDA:54,findSplittingPlane
FNDA:169,(anonymous_1)
FNDA:54,(anonymous_2)
FNDA:0,(anonymous_3)
FNDA:0,(anonymous_4)
FNDA:0,(anonymous_5)
FNDA:60,(anonymous_6)
FNDA:66,(anonymous_7)
FNDA:324,(anonymous_8)
FNDA:251,(anonymous_9)
FNDA:54,(anonymous_10)
FNDA:54,(anonymous_11)
FNDA:72,(anonymous_12)
FNDA:249,(anonymous_13)
DA:5,54
DA:6,54
DA:7,54
DA:8,169
DA:9,169
DA:10,97
DA:11,97
DA:15,54
DA:27,54
DA:28,54
DA:29,54
DA:30,54
DA:31,54
DA:32,6
DA:33,6
DA:34,6
DA:35,6
DA:41,0
DA:45,0
DA:46,0
DA:47,0
DA:48,0
DA:49,0
DA:50,0
DA:55,66
DA:56,60
DA:57,60
DA:58,24
DA:60,60
DA:61,27
DA:63,60
DA:64,60
DA:65,60
DA:73,324
DA:74,0
DA:76,324
DA:77,324
DA:78,324
DA:80,324
DA:81,150
DA:84,324
DA:85,120
DA:87,204
DA:90,324
DA:98,54
DA:99,54
DA:100,25
DA:102,54
DA:103,20
DA:112,54
DA:113,54
DA:114,10
DA:117,54
DA:118,38
DA:121,54
DA:132,72
DA:133,0
DA:136,72
DA:139,54
DA:142,72
DA:143,72
DA:144,249
DA:146,72
DA:147,17
DA:148,7
DA:151,17
DA:154,72
DA:155,46
DA:156,41
DA:158,46
LF:70
LH:61
BRDA:9,0,0,97
BRDA:9,0,1,72
BRDA:31,1,0,6
BRDA:31,1,1,48
BRDA:41,2,0,0
BRDA:41,2,1,0
BRDA:41,3,0,0
BRDA:41,3,1,0
BRDA:46,4,0,0
BRDA:46,4,1,0
BRDA:47,5,0,0
BRDA:47,5,1,0
BRDA:48,6,0,0
BRDA:48,6,1,0
BRDA:57,7,0,24
BRDA:57,7,1,36
BRDA:60,8,0,27
BRDA:60,8,1,33
BRDA:73,9,0,0
BRDA:73,9,1,324
BRDA:80,10,0,150
BRDA:80,10,1,174
BRDA:84,11,0,120
BRDA:84,11,1,204
BRDA:99,12,0,25
BRDA:99,12,1,29
BRDA:102,13,0,20
BRDA:102,13,1,34
BRDA:113,14,0,10
BRDA:113,14,1,44
BRDA:117,15,0,38
BRDA:117,15,1,16
BRDA:132,16,0,0
BRDA:132,16,1,72
BRDA:132,17,0,72
BRDA:132,17,1,72
BRDA:136,18,0,54
BRDA:136,18,1,18
BRDA:146,19,0,17
BRDA:146,19,1,55
BRDA:147,20,0,7
BRDA:147,20,1,10
BRDA:154,21,0,46
BRDA:154,21,1,26
BRDA:155,22,0,41
BRDA:155,22,1,5
BRF:46
BRH:34
end_of_record
TN:
SF:/home/faust/github/solid/src/common/common.js
FNF:0
FNH:0
LF:0
LH:0
BRF:0
BRH:0
end_of_record
TN:
SF:/home/faust/github/solid/src/common/csg.js
FN:10,(anonymous_0)
FN:17,(anonymous_1)
FN:18,(anonymous_2)
FN:21,(anonymous_3)
FN:42,(anonymous_4)
FN:54,(anonymous_5)
FN:71,(anonymous_6)
FN:73,(anonymous_7)
FNF:8
FNH:8
FNDA:22,(anonymous_0)
FNDA:7,(anonymous_1)
FNDA:42,(anonymous_2)
FNDA:1,(anonymous_3)
FNDA:1,(anonymous_4)
FNDA:1,(anonymous_5)
FNDA:1,(anonymous_6)
FNDA:6,(anonymous_7)
DA:11,22
DA:18,42
DA:22,1
DA:23,1
DA:25,1
DA:26,1
DA:27,1
DA:28,1
DA:29,1
DA:30,1
DA:31,1
DA:32,1
DA:33,1
DA:43,1
DA:44,1
DA:45,1
DA:46,1
DA:47,1
DA:48,1
DA:49,1
DA:50,1
DA:51,1
DA:55,1
DA:56,1
DA:57,1
DA:58,1
DA:59,1
DA:60,1
DA:61,1
DA:62,1
DA:63,1
DA:64,1
DA:72,1
DA:73,6
DA:74,1
LF:35
LH:35
BRDA:11,0,0,22
BRDA:11,0,1,12
BRF:2
BRH:2
end_of_record
TN:
SF:/home/faust/github/solid/src/common/plane.js
FN:15,(anonymous_0)
FN:20,(anonymous_1)
FN:31,(anonymous_2)
FN:39,(anonymous_3)
FN:43,(anonymous_4)
FN:60,(anonymous_5)
FN:63,(anonymous_6)
FNF:7
FNH:7
FNDA:337,(anonymous_0)
FNDA:1,(anonymous_1)
FNDA:278,(anonymous_2)
FNDA:55,(anonymous_3)
FNDA:134,(anonymous_4)
FNDA:503,(anonymous_5)
FNDA:2012,(anonymous_6)
DA:4,7
DA:6,7
DA:7,7
DA:8,7
DA:9,7
DA:16,337
DA:17,337
DA:21,1
DA:32,278
DA:36,278
DA:40,55
DA:44,134
DA:45,134
DA:62,503
DA:63,503
DA:64,2012
DA:65,2012
DA:66,2012
DA:67,2012
DA:71,503
DA:73,56
DA:74,56
DA:76,159
DA:77,159
DA:79,233
DA:80,233
DA:84,55
DA:85,55
DA:86,55
DA:87,220
DA:88,220
DA:89,220
DA:90,220
DA:91,220
DA:93,220
DA:94,110
DA:96,220
DA:97,110
DA:100,220
DA:101,110
DA:102,110
DA:103,110
DA:104,110
DA:108,55
DA:109,55
DA:111,55
DA:112,55
DA:115,55
LF:48
LH:48
BRDA:65,0,0,832
BRDA:65,0,1,1180
BRDA:65,1,0,656
BRDA:65,1,1,524
BRDA:71,2,0,56
BRDA:71,2,1,159
BRDA:71,2,2,233
BRDA:71,2,3,55
BRDA:73,3,0,55
BRDA:73,3,1,1
BRDA:93,4,0,110
BRDA:93,4,1,110
BRDA:96,5,0,110
BRDA:96,5,1,110
BRDA:97,6,0,0
BRDA:97,6,1,110
BRDA:100,7,0,110
BRDA:100,7,1,110
BRDA:108,8,0,55
BRDA:108,8,1,0
BRDA:111,9,0,55
BRDA:111,9,1,0
BRF:22
BRH:19
end_of_record
TN:
SF:/home/faust/github/solid/src/common/polygon.js
FN:14,(anonymous_0)
FN:20,(anonymous_1)
FN:21,(anonymous_2)
FN:25,(anonymous_3)
FN:26,(anonymous_4)
FNF:5
FNH:5
FNDA:277,(anonymous_0)
FNDA:43,(anonymous_1)
FNDA:171,(anonymous_2)
FNDA:73,(anonymous_3)
FNDA:291,(anonymous_4)
DA:15,277
DA:16,277
DA:17,277
DA:21,171
DA:22,43
DA:26,291
DA:27,73
LF:7
LH:7
BRF:0
BRH:0
end_of_record
TN:
SF:/home/faust/github/solid/src/common/vector.js
FN:2,(anonymous_0)
FN:8,(anonymous_1)
FN:11,(anonymous_2)
FN:15,(anonymous_3)
FN:19,(anonymous_4)
FN:23,(anonymous_5)
FN:27,(anonymous_6)
FN:31,(anonymous_7)
FN:35,(anonymous_8)
FN:39,(anonymous_9)
FN:43,(anonymous_10)
FN:50,(anonymous_11)
FN:54,(anonymous_12)
FN:58,(anonymous_13)
FN:62,(anonymous_14)
FNF:15
FNH:15
FNDA:4727,(anonymous_0)
FNDA:1,(anonymous_1)
FNDA:1,(anonymous_2)
FNDA:645,(anonymous_3)
FNDA:436,(anonymous_4)
FNDA:725,(anonymous_5)
FNDA:675,(anonymous_6)
FNDA:1081,(anonymous_7)
FNDA:368,(anonymous_8)
FNDA:2735,(anonymous_9)
FNDA:223,(anonymous_10)
FNDA:369,(anonymous_11)
FNDA:367,(anonymous_12)
FNDA:296,(anonymous_13)
FNDA:1,(anonymous_14)
DA:3,4727
DA:4,4727
DA:5,4727
DA:9,1
DA:12,1
DA:16,645
DA:20,436
DA:24,725
DA:28,675
DA:32,1081
DA:36,368
DA:40,2735
DA:44,223
DA:45,223
DA:46,223
DA:47,223
DA:51,369
DA:55,367
DA:59,296
DA:63,1
DA:64,1
DA:66,1
DA:70,10
DA:71,10
DA:73,10
DA:74,10
DA:76,10
DA:77,10
DA:78,10
LF:29
LH:29
BRDA:3,0,0,4727
BRDA:3,0,1,2136
BRDA:4,1,0,4727
BRDA:4,1,1,2316
BRDA:5,2,0,4727
BRDA:5,2,1,1895
BRF:6
BRH:6
end_of_record
TN:
SF:/home/faust/github/solid/src/common/vertex.js
FN:11,(anonymous_0)
FN:16,(anonymous_1)
FN:24,(anonymous_2)
FN:33,(anonymous_3)
FNF:4
FNH:4
FNDA:770,(anonymous_0)
FNDA:282,(anonymous_1)
FNDA:292,(anonymous_2)
FNDA:110,(anonymous_3)
DA:12,770
DA:13,770
DA:17,282
DA:25,292
DA:34,110
LF:5
LH:5
BRF:0
BRH:0
end_of_record
TN:
SF:/home/faust/github/solid/src/io/wavefront.js
FN:12,(anonymous_0)
FN:18,(anonymous_1)
FNF:2
FNH:2
FNDA:13,(anonymous_0)
FNDA:153,(anonymous_1)
DA:13,13
DA:14,13
DA:15,13
DA:17,13
DA:18,13
DA:19,153
DA:20,153
DA:22,153
DA:23,153
DA:25,153
DA:26,153
DA:27,153
DA:28,153
DA:30,153
DA:31,230
DA:32,230
DA:33,230
DA:34,230
DA:36,230
DA:37,230
DA:38,230
DA:39,230
DA:42,153
DA:45,13
LF:24
LH:24
BRF:0
BRH:0
end_of_record
TN:
SF:/home/faust/github/solid/src/misc/path.js
FN:11,vec
FN:22,(anonymous_1)
FN:32,(anonymous_2)
FN:47,(anonymous_3)
FN:59,(anonymous_4)
FN:69,(anonymous_5)
FN:73,(anonymous_6)
FN:75,(anonymous_7)
FNF:8
FNH:8
FNDA:16,vec
FNDA:3,(anonymous_1)
FNDA:3,(anonymous_2)
FNDA:4,(anonymous_3)
FNDA:1,(anonymous_4)
FNDA:2,(anonymous_5)
FNDA:8,(anonymous_6)
FNDA:8,(anonymous_7)
DA:12,16
DA:13,16
DA:14,16
DA:15,16
DA:23,3
DA:33,3
DA:34,1
DA:37,2
DA:38,2
DA:48,4
DA:49,1
DA:51,3
DA:52,3
DA:60,1
DA:70,2
DA:71,2
DA:72,2
DA:73,8
DA:75,2
DA:76,8
DA:78,8
DA:79,8
DA:81,8
DA:82,8
LF:24
LH:24
BRDA:33,0,0,1
BRDA:33,0,1,2
BRDA:48,1,0,1
BRDA:48,1,1,3
BRDA:70,2,0,2
BRDA:70,2,1,2
BRDA:71,3,0,2
BRDA:71,3,1,0
BRF:8
BRH:7
end_of_record
TN:
SF:/home/faust/github/solid/src/volumes/cone.js
FN:4,(anonymous_0)
FNF:1
FNH:1
FNDA:6,(anonymous_0)
DA:5,6
DA:7,6
DA:8,6
DA:9,6
DA:10,6
DA:11,6
DA:13,6
DA:14,6
DA:16,6
DA:17,2
DA:18,6
DA:19,6
DA:21,6
DA:22,6
DA:23,6
DA:24,6
DA:25,6
DA:27,6
DA:28,3
DA:31,4
DA:32,2
DA:33,6
DA:34,6
DA:36,6
DA:37,6
DA:38,6
DA:39,6
DA:40,6
DA:42,6
DA:43,3
DA:47,2
DA:48,6
DA:49,6
DA:51,6
DA:52,6
DA:54,6
DA:55,6
DA:56,6
DA:57,6
DA:59,6
DA:60,6
DA:61,6
DA:62,6
DA:64,6
DA:65,6
DA:67,6
DA:68,3
DA:69,3
LF:48
LH:48
BRDA:10,0,0,6
BRDA:10,0,1,0
BRDA:10,1,0,0
BRDA:10,1,1,6
BRDA:16,2,0,2
BRDA:16,2,1,4
BRDA:27,3,0,3
BRDA:27,3,1,3
BRDA:31,4,0,2
BRDA:31,4,1,2
BRDA:42,5,0,3
BRDA:42,5,1,3
BRDA:67,6,0,3
BRDA:67,6,1,3
BRF:14
BRH:12
end_of_record
TN:
SF:/home/faust/github/solid/src/volumes/cube.js
FN:4,(anonymous_0)
FN:14,(anonymous_1)
FN:16,(anonymous_2)
FNF:3
FNH:3
FNDA:4,(anonymous_0)
FNDA:24,(anonymous_1)
FNDA:96,(anonymous_2)
DA:5,4
DA:7,4
DA:15,24
DA:17,96
DA:22,96
LF:5
LH:5
BRF:0
BRH:0
end_of_record
TN:
SF:/home/faust/github/solid/src/volumes/cylinder.js
FN:4,(anonymous_0)
FN:15,point
FNF:2
FNH:2
FNDA:2,(anonymous_0)
FNDA:160,point
DA:5,2
DA:7,2
DA:8,2
DA:9,2
DA:10,2
DA:11,2
DA:12,2
DA:13,2
DA:16,160
DA:17,160
DA:18,160
DA:19,160
DA:20,160
DA:34,2
DA:35,20
DA:36,20
DA:37,20
DA:38,20
DA:39,20
LF:19
LH:19
BRDA:10,0,0,2
BRDA:10,0,1,0
BRDA:10,1,0,0
BRDA:10,1,1,2
BRF:4
BRH:2
end_of_record
TN:
SF:/home/faust/github/solid/src/volumes/lathe.js
FN:5,(anonymous_0)
FN:10,(anonymous_1)
FN:15,(anonymous_2)
FNF:3
FNH:0
FNDA:0,(anonymous_0)
FNDA:0,(anonymous_1)
FNDA:0,(anonymous_2)
DA:6,0
DA:8,0
DA:9,0
DA:10,0
DA:11,0
DA:12,0
DA:13,0
DA:15,0
DA:16,0
DA:17,0
DA:18,0
DA:21,0
DA:22,0
DA:23,0
DA:24,0
DA:25,0
DA:27,0
DA:28,0
DA:31,0
LF:19
LH:0
BRF:0
BRH:0
end_of_record
TN:
SF:/home/faust/github/solid/src/volumes/twist.js
FN:4,(anonymous_0)
FN:9,(anonymous_1)
FN:15,(anonymous_2)
FNF:3
FNH:0
FNDA:0,(anonymous_0)
FNDA:0,(anonymous_1)
FNDA:0,(anonymous_2)
DA:5,0
DA:7,0
DA:8,0
DA:9,0
DA:10,0
DA:11,0
DA:12,0
DA:13,0
DA:15,0
DA:16,0
DA:17,0
DA:18,0
DA:19,0
DA:22,0
DA:23,0
DA:24,0
DA:25,0
DA:26,0
DA:28,0
DA:29,0
DA:32,0
LF:21
LH:0
BRF:0
BRH:0
end_of_record
